Using pre-set license
Built from '2022.3/staging' branch; Version is '2022.3.11f1 (d00248457e15) revision 13632072'; Using compiler version '192829333'; Build Type 'Release'
OS: 'Windows 10  (10.0.19045) 64bit Core' Language: 'pl' Physical Memory: 8134 MB
BatchMode: 1, IsHumanControllingUs: 0, StartBugReporterOnCrash: 0, Is64bit: 1, IsPro: 1

COMMAND LINE ARGUMENTS:
D:\Program Files\2022.3.11f1\Editor\Unity.exe
-adb2
-batchMode
-noUpm
-name
AssetImportWorker2
-projectPath
D:/szkola/szkola wyższa/praktykisemestr/tropical-island-game-main/Game
-logFile
Logs/AssetImportWorker2.log
-srvPort
60599
Successfully changed project path to: D:/szkola/szkola wyższa/praktykisemestr/tropical-island-game-main/Game
D:/szkola/szkola wyższa/praktykisemestr/tropical-island-game-main/Game
[UnityMemory] Configuration Parameters - Can be set up in boot.config
    "memorysetup-bucket-allocator-granularity=16"
    "memorysetup-bucket-allocator-bucket-count=8"
    "memorysetup-bucket-allocator-block-size=33554432"
    "memorysetup-bucket-allocator-block-count=8"
    "memorysetup-main-allocator-block-size=16777216"
    "memorysetup-thread-allocator-block-size=16777216"
    "memorysetup-gfx-main-allocator-block-size=16777216"
    "memorysetup-gfx-thread-allocator-block-size=16777216"
    "memorysetup-cache-allocator-block-size=4194304"
    "memorysetup-typetree-allocator-block-size=2097152"
    "memorysetup-profiler-bucket-allocator-granularity=16"
    "memorysetup-profiler-bucket-allocator-bucket-count=8"
    "memorysetup-profiler-bucket-allocator-block-size=33554432"
    "memorysetup-profiler-bucket-allocator-block-count=8"
    "memorysetup-profiler-allocator-block-size=16777216"
    "memorysetup-profiler-editor-allocator-block-size=1048576"
    "memorysetup-temp-allocator-size-main=16777216"
    "memorysetup-job-temp-allocator-block-size=2097152"
    "memorysetup-job-temp-allocator-block-size-background=1048576"
    "memorysetup-job-temp-allocator-reduction-small-platforms=262144"
    "memorysetup-allocator-temp-initial-block-size-main=262144"
    "memorysetup-allocator-temp-initial-block-size-worker=262144"
    "memorysetup-temp-allocator-size-background-worker=32768"
    "memorysetup-temp-allocator-size-job-worker=262144"
    "memorysetup-temp-allocator-size-preload-manager=33554432"
    "memorysetup-temp-allocator-size-nav-mesh-worker=65536"
    "memorysetup-temp-allocator-size-audio-worker=65536"
    "memorysetup-temp-allocator-size-cloud-worker=32768"
    "memorysetup-temp-allocator-size-gi-baking-worker=262144"
    "memorysetup-temp-allocator-size-gfx=262144"
Player connection [13800] Host "[IP] 192.168.0.4 [Port] 0 [Flags] 2 [Guid] 3569578063 [EditorId] 3569578063 [Version] 1048832 [Id] WindowsEditor(7,DESKTOP-SO6R3VQ) [Debug] 1 [PackageName] WindowsEditor [ProjectName] Editor" joined multi-casting on [225.0.0.222:54997]...

Player connection [13800] Host "[IP] 192.168.0.4 [Port] 0 [Flags] 2 [Guid] 3569578063 [EditorId] 3569578063 [Version] 1048832 [Id] WindowsEditor(7,DESKTOP-SO6R3VQ) [Debug] 1 [PackageName] WindowsEditor [ProjectName] Editor" joined alternative multi-casting on [225.0.0.222:34997]...

[Physics::Module] Initialized MultithreadedJobDispatcher with 5 workers.
Refreshing native plugins compatible for Editor in 68.37 ms, found 3 plugins.
Preloading 0 native plugins for Editor in 0.00 ms.
Initialize engine version: 2022.3.11f1 (d00248457e15)
[Subsystems] Discovering subsystems at path D:/Program Files/2022.3.11f1/Editor/Data/Resources/UnitySubsystems
[Subsystems] Discovering subsystems at path D:/szkola/szkola wyższa/praktykisemestr/tropical-island-game-main/Game/Assets
GfxDevice: creating device client; threaded=0; jobified=0
Direct3D:
    Version:  Direct3D 11.0 [level 11.1]
    Renderer: NVIDIA GeForce GTX 1660 (ID=0x2184)
    Vendor:   NVIDIA
    VRAM:     5980 MB
    Driver:   31.0.15.3623
Invalid texture used for cursor - check importer settings or texture creation. Texture must be RGBA32, readable, have alphaIsTransparency enabled and have no mip chain.
Initialize mono
Mono path[0] = 'D:/Program Files/2022.3.11f1/Editor/Data/Managed'
Mono path[1] = 'D:/Program Files/2022.3.11f1/Editor/Data/MonoBleedingEdge/lib/mono/unityjit-win32'
Mono config path = 'D:/Program Files/2022.3.11f1/Editor/Data/MonoBleedingEdge/etc'
Using monoOptions --debugger-agent=transport=dt_socket,embedding=1,server=y,suspend=n,address=127.0.0.1:56984
Begin MonoManager ReloadAssembly
Registering precompiled unity dll's ...
Register platform support module: D:/Program Files/2022.3.11f1/Editor/Data/PlaybackEngines/WindowsStandaloneSupport/UnityEditor.WindowsStandalone.Extensions.dll
Registered in 0.004883 seconds.
- Loaded All Assemblies, in  0.416 seconds
Native extension for WindowsStandalone target not found
Mono: successfully reloaded assembly
- Finished resetting the current domain, in  0.314 seconds
Domain Reload Profiling: 730ms
	BeginReloadAssembly (144ms)
		ExecutionOrderSort (0ms)
		DisableScriptedObjects (0ms)
		BackupInstance (0ms)
		ReleaseScriptingObjects (0ms)
		CreateAndSetChildDomain (1ms)
	RebuildCommonClasses (39ms)
	RebuildNativeTypeToScriptingClass (12ms)
	initialDomainReloadingComplete (60ms)
	LoadAllAssembliesAndSetupDomain (161ms)
		LoadAssemblies (143ms)
		RebuildTransferFunctionScriptingTraits (0ms)
		AnalyzeDomain (158ms)
			TypeCache.Refresh (157ms)
				TypeCache.ScanAssembly (140ms)
			ScanForSourceGeneratedMonoScriptInfo (0ms)
			ResolveRequiredComponents (1ms)
	FinalizeReload (315ms)
		ReleaseScriptCaches (0ms)
		RebuildScriptCaches (0ms)
		SetupLoadedEditorAssemblies (247ms)
			LogAssemblyErrors (0ms)
			InitializePlatformSupportModulesInManaged (10ms)
			SetLoadedEditorAssemblies (8ms)
			RefreshPlugins (0ms)
			BeforeProcessingInitializeOnLoad (3ms)
			ProcessInitializeOnLoadAttributes (145ms)
			ProcessInitializeOnLoadMethodAttributes (80ms)
			AfterProcessingInitializeOnLoad (0ms)
			EditorAssembliesLoaded (0ms)
		ExecutionOrderSort2 (0ms)
		AwakeInstancesAfterBackupRestoration (0ms)
========================================================================
Worker process is ready to serve import requests
Begin MonoManager ReloadAssembly
- Loaded All Assemblies, in  0.720 seconds
Refreshing native plugins compatible for Editor in 2.34 ms, found 3 plugins.
Native extension for WindowsStandalone target not found
Package Manager log level set to [2]
[Package Manager] Server::EnsureServerProcessIsRunning -- launch failed, reason: Unity was launched with the -noUpm command-line argument
[Package Manager] UpmClient::Send -- Unable to send message (not connected to UPM process).
[Package Manager] Cannot connect to Unity Package Manager local server
Mono: successfully reloaded assembly
- Finished resetting the current domain, in  0.583 seconds
Domain Reload Profiling: 1303ms
	BeginReloadAssembly (200ms)
		ExecutionOrderSort (0ms)
		DisableScriptedObjects (6ms)
		BackupInstance (0ms)
		ReleaseScriptingObjects (0ms)
		CreateAndSetChildDomain (28ms)
	RebuildCommonClasses (44ms)
	RebuildNativeTypeToScriptingClass (13ms)
	initialDomainReloadingComplete (42ms)
	LoadAllAssembliesAndSetupDomain (420ms)
		LoadAssemblies (371ms)
		RebuildTransferFunctionScriptingTraits (0ms)
		AnalyzeDomain (177ms)
			TypeCache.Refresh (156ms)
				TypeCache.ScanAssembly (141ms)
			ScanForSourceGeneratedMonoScriptInfo (15ms)
			ResolveRequiredComponents (4ms)
	FinalizeReload (584ms)
		ReleaseScriptCaches (0ms)
		RebuildScriptCaches (0ms)
		SetupLoadedEditorAssemblies (413ms)
			LogAssemblyErrors (0ms)
			InitializePlatformSupportModulesInManaged (5ms)
			SetLoadedEditorAssemblies (5ms)
			RefreshPlugins (0ms)
			BeforeProcessingInitializeOnLoad (56ms)
			ProcessInitializeOnLoadAttributes (321ms)
			ProcessInitializeOnLoadMethodAttributes (23ms)
			AfterProcessingInitializeOnLoad (4ms)
			EditorAssembliesLoaded (0ms)
		ExecutionOrderSort2 (0ms)
		AwakeInstancesAfterBackupRestoration (9ms)
Launched and connected shader compiler UnityShaderCompiler.exe after 0.17 seconds
Refreshing native plugins compatible for Editor in 2.65 ms, found 3 plugins.
Preloading 0 native plugins for Editor in 0.00 ms.
Unloading 3116 Unused Serialized files (Serialized files now loaded: 0)
Unloading 31 unused Assets / (29.6 KB). Loaded Objects now: 3624.
Memory consumption went from 156.2 MB to 156.2 MB.
Total: 2.930200 ms (FindLiveObjects: 0.282600 ms CreateObjectMapping: 0.236700 ms MarkObjects: 2.347100 ms  DeleteObjects: 0.062500 ms)

AssetImportParameters requested are different than current active one (requested -> active):
  custom:container-demuxer-ogg: 62fdf1f143b41e24485cea50d1cbac27 -> 
  custom:video-decoder-ogg-theora: a1e56fd34408186e4bbccfd4996cb3dc -> 
  custom:framework-win-MediaFoundation: 216162199b28c13a410421893ffa2e32 -> 
  custom:CustomObjectIndexerAttribute: 756ad292c208cfabdd7b50bc23989ffe -> 
  custom:container-demuxer-webm: 4f35f7cbe854078d1ac9338744f61a02 -> 
  custom:container-muxer-webm: aa71ff27fc2769a1b78a27578f13a17b -> 
  custom:video-decoder-webm-vp8: 9c59270c3fd7afecdb556c50c9e8de78 -> 
  custom:SearchIndexIgnoredProperties: e643bd26f0fe6173181afceb89e7c659 -> 
  custom:AudioImporter_EditorPlatform: d09bf68614088b80899f8185d706f6e7 -> 
  custom:scripting/monoscript/fileName/MouseLook.cs: 02bafd22af827e561c2131ae88bbd075 -> 
  custom:video-encoder-webm-vp8: eb34c28f22e8b96e1ab97ce403110664 -> 
  custom:audio-decoder-ogg-vorbis: bf7c407c2cedff20999df2af8eb42d56 -> 
  custom:audio-encoder-webm-vorbis: bf7c407c2cedff20999df2af8eb42d56 -> 
========================================================================
Received Import Request.
  Time since last request: 803005.426532 seconds.
  path: Assets/BeachBuildings
  artifactKey: Guid(dc8790f958643e749a54bdfaaade9512) Importer(815301076,1909f56bfc062723c751e8b465ee728b)
Start importing Assets/BeachBuildings using Guid(dc8790f958643e749a54bdfaaade9512) Importer(815301076,1909f56bfc062723c751e8b465ee728b)  -> (artifact id: '238adfbf59b695f278cdb98cadf845de') in 0.004243 seconds
Number of updated asset objects reloaded before import = 0
Number of asset objects unloaded after import = 0
========================================================================
Received Prepare
Begin MonoManager ReloadAssembly
- Loaded All Assemblies, in  0.747 seconds
Refreshing native plugins compatible for Editor in 4.43 ms, found 3 plugins.
Native extension for WindowsStandalone target not found
[Package Manager] Server::EnsureServerProcessIsRunning -- launch failed, reason: Unity was launched with the -noUpm command-line argument
[Package Manager] UpmClient::Send -- Unable to send message (not connected to UPM process).
[Package Manager] Cannot connect to Unity Package Manager local server
Mono: successfully reloaded assembly
- Finished resetting the current domain, in  2.057 seconds
Domain Reload Profiling: 2805ms
	BeginReloadAssembly (244ms)
		ExecutionOrderSort (0ms)
		DisableScriptedObjects (8ms)
		BackupInstance (0ms)
		ReleaseScriptingObjects (0ms)
		CreateAndSetChildDomain (59ms)
	RebuildCommonClasses (38ms)
	RebuildNativeTypeToScriptingClass (15ms)
	initialDomainReloadingComplete (31ms)
	LoadAllAssembliesAndSetupDomain (419ms)
		LoadAssemblies (504ms)
		RebuildTransferFunctionScriptingTraits (0ms)
		AnalyzeDomain (32ms)
			TypeCache.Refresh (22ms)
				TypeCache.ScanAssembly (0ms)
			ScanForSourceGeneratedMonoScriptInfo (0ms)
			ResolveRequiredComponents (7ms)
	FinalizeReload (2058ms)
		ReleaseScriptCaches (0ms)
		RebuildScriptCaches (0ms)
		SetupLoadedEditorAssemblies (1077ms)
			LogAssemblyErrors (0ms)
			InitializePlatformSupportModulesInManaged (13ms)
			SetLoadedEditorAssemblies (12ms)
			RefreshPlugins (0ms)
			BeforeProcessingInitializeOnLoad (133ms)
			ProcessInitializeOnLoadAttributes (827ms)
			ProcessInitializeOnLoadMethodAttributes (77ms)
			AfterProcessingInitializeOnLoad (14ms)
			EditorAssembliesLoaded (0ms)
		ExecutionOrderSort2 (0ms)
		AwakeInstancesAfterBackupRestoration (25ms)
Refreshing native plugins compatible for Editor in 6.00 ms, found 3 plugins.
Preloading 0 native plugins for Editor in 0.00 ms.
Unloading 3088 Unused Serialized files (Serialized files now loaded: 0)
Unloading 23 unused Assets / (31.0 KB). Loaded Objects now: 3627.
Memory consumption went from 151.9 MB to 151.9 MB.
Total: 8.150400 ms (FindLiveObjects: 1.856000 ms CreateObjectMapping: 0.868900 ms MarkObjects: 4.416000 ms  DeleteObjects: 0.996600 ms)

Prepare: number of updated asset objects reloaded= 0
AssetImportParameters requested are different than current active one (requested -> active):
  custom:container-demuxer-ogg: 62fdf1f143b41e24485cea50d1cbac27 -> 
  custom:video-decoder-ogg-theora: a1e56fd34408186e4bbccfd4996cb3dc -> 
  custom:framework-win-MediaFoundation: 216162199b28c13a410421893ffa2e32 -> 
  custom:CustomObjectIndexerAttribute: 756ad292c208cfabdd7b50bc23989ffe -> 
  custom:container-demuxer-webm: 4f35f7cbe854078d1ac9338744f61a02 -> 
  custom:container-muxer-webm: aa71ff27fc2769a1b78a27578f13a17b -> 
  custom:video-decoder-webm-vp8: 9c59270c3fd7afecdb556c50c9e8de78 -> 
  custom:SearchIndexIgnoredProperties: e643bd26f0fe6173181afceb89e7c659 -> 
  custom:AudioImporter_EditorPlatform: d09bf68614088b80899f8185d706f6e7 -> 
  custom:scripting/monoscript/fileName/MouseLook.cs: 02bafd22af827e561c2131ae88bbd075 -> 
  custom:video-encoder-webm-vp8: eb34c28f22e8b96e1ab97ce403110664 -> 
  custom:audio-decoder-ogg-vorbis: bf7c407c2cedff20999df2af8eb42d56 -> 
  custom:audio-encoder-webm-vorbis: bf7c407c2cedff20999df2af8eb42d56 -> 
========================================================================
Received Import Request.
  Time since last request: 27.543402 seconds.
  path: Assets/CartoonSummerBeach.zip
  artifactKey: Guid(fdcdaf7646b487042bb1586788f49106) Importer(815301076,1909f56bfc062723c751e8b465ee728b)
Start importing Assets/CartoonSummerBeach.zip using Guid(fdcdaf7646b487042bb1586788f49106) Importer(815301076,1909f56bfc062723c751e8b465ee728b)  -> (artifact id: 'd0332da871eb95f5dec0d5c359c4fe6c') in 0.112035 seconds
Number of updated asset objects reloaded before import = 0
Number of asset objects unloaded after import = 1
========================================================================
Received Import Request.
  Time since last request: 52.794999 seconds.
  path: Assets/BeachBuildings/FX
  artifactKey: Guid(f61353777ed16194da994b3217bc9ace) Importer(815301076,1909f56bfc062723c751e8b465ee728b)
Start importing Assets/BeachBuildings/FX using Guid(f61353777ed16194da994b3217bc9ace) Importer(815301076,1909f56bfc062723c751e8b465ee728b)  -> (artifact id: '38513fb0d8fed2fb934604a14bddc22b') in 0.000785 seconds
Number of updated asset objects reloaded before import = 0
Number of asset objects unloaded after import = 0
========================================================================
Received Import Request.
  Time since last request: 1.602189 seconds.
  path: Assets/BeachBuildings/FX/Materials
  artifactKey: Guid(998bb92effa1ced4896588ccd226d506) Importer(815301076,1909f56bfc062723c751e8b465ee728b)
Start importing Assets/BeachBuildings/FX/Materials using Guid(998bb92effa1ced4896588ccd226d506) Importer(815301076,1909f56bfc062723c751e8b465ee728b)  -> (artifact id: '88e764c296e85aa127c9725ed6ebde09') in 0.000603 seconds
Number of updated asset objects reloaded before import = 0
Number of asset objects unloaded after import = 0
========================================================================
Received Import Request.
  Time since last request: 0.075576 seconds.
  path: Assets/BeachBuildings/FX/Materials/FireFx.mat
  artifactKey: Guid(da12f4509f90c6c4882a695c47695369) Importer(815301076,1909f56bfc062723c751e8b465ee728b)
Start importing Assets/BeachBuildings/FX/Materials/FireFx.mat using Guid(da12f4509f90c6c4882a695c47695369) Importer(815301076,1909f56bfc062723c751e8b465ee728b)  -> (artifact id: 'ea371d0d6ab070b13aa316d111f2ddb5') in 0.943856 seconds
Number of updated asset objects reloaded before import = 0
Number of asset objects unloaded after import = 2
========================================================================
Received Import Request.
  Time since last request: 5.747506 seconds.
  path: Assets/BeachBuildings/FX/Prefab
  artifactKey: Guid(fec1f5a60e9d9614080f3307914d2775) Importer(815301076,1909f56bfc062723c751e8b465ee728b)
Start importing Assets/BeachBuildings/FX/Prefab using Guid(fec1f5a60e9d9614080f3307914d2775) Importer(815301076,1909f56bfc062723c751e8b465ee728b)  -> (artifact id: '1c3576228b3098958e4acbde6ba05cdc') in 0.000536 seconds
Number of updated asset objects reloaded before import = 0
Number of asset objects unloaded after import = 0
========================================================================
Received Import Request.
  Time since last request: 0.088261 seconds.
  path: Assets/BeachBuildings/FX/Prefab/Torch.prefab
  artifactKey: Guid(75a67f5ffe521a74a9c6a4b31d0b2067) Importer(815301076,1909f56bfc062723c751e8b465ee728b)
Start importing Assets/BeachBuildings/FX/Prefab/Torch.prefab using Guid(75a67f5ffe521a74a9c6a4b31d0b2067) Importer(815301076,1909f56bfc062723c751e8b465ee728b)  -> (artifact id: '06e4f2d731d14bacaf9976d6882f9d70') in 0.029111 seconds
Number of updated asset objects reloaded before import = 0
Number of asset objects unloaded after import = 14
========================================================================
Received Import Request.
  Time since last request: 7.161841 seconds.
  path: Assets/BeachBuildings/FX/Textures
  artifactKey: Guid(aff1bcd582053bd49bc46b35bf865f7e) Importer(815301076,1909f56bfc062723c751e8b465ee728b)
Start importing Assets/BeachBuildings/FX/Textures using Guid(aff1bcd582053bd49bc46b35bf865f7e) Importer(815301076,1909f56bfc062723c751e8b465ee728b)  -> (artifact id: '27563fc77cca64f6505cdd4667732585') in 0.000549 seconds
Number of updated asset objects reloaded before import = 0
Number of asset objects unloaded after import = 0
========================================================================
Received Import Request.
  Time since last request: 0.112924 seconds.
  path: Assets/BeachBuildings/FX/Textures/FireTexture.tga
  artifactKey: Guid(c076d4358852c6e428165155e080128b) Importer(815301076,1909f56bfc062723c751e8b465ee728b)
Start importing Assets/BeachBuildings/FX/Textures/FireTexture.tga using Guid(c076d4358852c6e428165155e080128b) Importer(815301076,1909f56bfc062723c751e8b465ee728b)  -> (artifact id: 'cdcb59c205100eecacbb67c83feebcab') in 0.078546 seconds
Number of updated asset objects reloaded before import = 0
Number of asset objects unloaded after import = 2
========================================================================
Received Import Request.
  Time since last request: 3.094081 seconds.
  path: Assets/BeachBuildings/Materials
  artifactKey: Guid(d132081e344472b409256e0ee3c73d4d) Importer(815301076,1909f56bfc062723c751e8b465ee728b)
Start importing Assets/BeachBuildings/Materials using Guid(d132081e344472b409256e0ee3c73d4d) Importer(815301076,1909f56bfc062723c751e8b465ee728b)  -> (artifact id: '617f76fd5c71e52c1d608a8381d794c3') in 0.000538 seconds
Number of updated asset objects reloaded before import = 0
Number of asset objects unloaded after import = 0
========================================================================
Received Import Request.
  Time since last request: 1.049050 seconds.
  path: Assets/BeachBuildings/Materials/CartoonSummerBeach_Exterior.mat
  artifactKey: Guid(a9b0107588aa0c54581a4823acea3035) Importer(815301076,1909f56bfc062723c751e8b465ee728b)
Start importing Assets/BeachBuildings/Materials/CartoonSummerBeach_Exterior.mat using Guid(a9b0107588aa0c54581a4823acea3035) Importer(815301076,1909f56bfc062723c751e8b465ee728b)  -> (artifact id: 'b47bd6b4a58a272e09ddeea41ddf7eb5') in 0.045247 seconds
Number of updated asset objects reloaded before import = 0
Number of asset objects unloaded after import = 2
========================================================================
Received Import Request.
  Time since last request: 0.000026 seconds.
  path: Assets/BeachBuildings/Materials/Sand.mat
  artifactKey: Guid(ceab8b4cbd302d445ac728e02cc452dd) Importer(815301076,1909f56bfc062723c751e8b465ee728b)
Start importing Assets/BeachBuildings/Materials/Sand.mat using Guid(ceab8b4cbd302d445ac728e02cc452dd) Importer(815301076,1909f56bfc062723c751e8b465ee728b)  -> (artifact id: 'fae17e380f82d3439612f375bb8ac282') in 0.053950 seconds
Number of updated asset objects reloaded before import = 0
Number of asset objects unloaded after import = 2
========================================================================
Received Import Request.
  Time since last request: 2.934008 seconds.
  path: Assets/BeachBuildings/Prefab
  artifactKey: Guid(69a22ae23c8959546b8a65ef7e1f931f) Importer(815301076,1909f56bfc062723c751e8b465ee728b)
Start importing Assets/BeachBuildings/Prefab using Guid(69a22ae23c8959546b8a65ef7e1f931f) Importer(815301076,1909f56bfc062723c751e8b465ee728b)  -> (artifact id: '0a52725e773d14e4dd23977260d3f7b8') in 0.000516 seconds
Number of updated asset objects reloaded before import = 0
Number of asset objects unloaded after import = 0
========================================================================
Received Import Request.
  Time since last request: 0.124999 seconds.
  path: Assets/BeachBuildings/Prefab/Sand_01.prefab
  artifactKey: Guid(946f190fb1147214da08c54fb1223858) Importer(815301076,1909f56bfc062723c751e8b465ee728b)
Start importing Assets/BeachBuildings/Prefab/Sand_01.prefab using Guid(946f190fb1147214da08c54fb1223858) Importer(815301076,1909f56bfc062723c751e8b465ee728b)  -> (artifact id: '374ca2112070d62f96655d221406d076') in 0.042946 seconds
Number of updated asset objects reloaded before import = 0
Number of asset objects unloaded after import = 25
========================================================================
Received Import Request.
  Time since last request: 6.016638 seconds.
  path: Assets/BeachBuildings/Prefab/SmallProps
  artifactKey: Guid(0df745fee5c058e4a8da6917330f13e8) Importer(815301076,1909f56bfc062723c751e8b465ee728b)
Start importing Assets/BeachBuildings/Prefab/SmallProps using Guid(0df745fee5c058e4a8da6917330f13e8) Importer(815301076,1909f56bfc062723c751e8b465ee728b)  -> (artifact id: 'ec3577cc47e9ccfa65a30ffd3d2aa01c') in 0.000756 seconds
Number of updated asset objects reloaded before import = 0
Number of asset objects unloaded after import = 0
========================================================================
Received Import Request.
  Time since last request: 0.129461 seconds.
  path: Assets/BeachBuildings/Prefab/SmallProps/Ball_01.prefab
  artifactKey: Guid(c239fe5e8224180498e97e4173afd981) Importer(815301076,1909f56bfc062723c751e8b465ee728b)
Start importing Assets/BeachBuildings/Prefab/SmallProps/Ball_01.prefab using Guid(c239fe5e8224180498e97e4173afd981) Importer(815301076,1909f56bfc062723c751e8b465ee728b)  -> (artifact id: 'f08a0933f55f8de2ab4bb153d154a50d') in 0.006973 seconds
Number of updated asset objects reloaded before import = 0
Number of asset objects unloaded after import = 10
========================================================================
Received Import Request.
  Time since last request: 0.000015 seconds.
  path: Assets/BeachBuildings/Prefab/SmallProps/Ball_03.prefab
  artifactKey: Guid(4ee24a505a018f5418d89c0da1bd609d) Importer(815301076,1909f56bfc062723c751e8b465ee728b)
Start importing Assets/BeachBuildings/Prefab/SmallProps/Ball_03.prefab using Guid(4ee24a505a018f5418d89c0da1bd609d) Importer(815301076,1909f56bfc062723c751e8b465ee728b)  -> (artifact id: 'fa1168c5722e99da42666ce3b209aebf') in 0.010456 seconds
Number of updated asset objects reloaded before import = 0
Number of asset objects unloaded after import = 10
========================================================================
Received Import Request.
  Time since last request: 0.013034 seconds.
  path: Assets/BeachBuildings/Prefab/SmallProps/Bottle_02.prefab
  artifactKey: Guid(b7abe7a3a6f9f8c4eb1cdcefce431ec2) Importer(815301076,1909f56bfc062723c751e8b465ee728b)
Start importing Assets/BeachBuildings/Prefab/SmallProps/Bottle_02.prefab using Guid(b7abe7a3a6f9f8c4eb1cdcefce431ec2) Importer(815301076,1909f56bfc062723c751e8b465ee728b)  -> (artifact id: '7ef290465bd237ca7c5f62a719c28fdb') in 0.009288 seconds
Number of updated asset objects reloaded before import = 0
Number of asset objects unloaded after import = 9
========================================================================
Received Import Request.
  Time since last request: 0.020206 seconds.
  path: Assets/BeachBuildings/Prefab/SmallProps/Cocktail_04.prefab
  artifactKey: Guid(45320caa01c93fb4bbe77e5d3d9efd71) Importer(815301076,1909f56bfc062723c751e8b465ee728b)
Start importing Assets/BeachBuildings/Prefab/SmallProps/Cocktail_04.prefab using Guid(45320caa01c93fb4bbe77e5d3d9efd71) Importer(815301076,1909f56bfc062723c751e8b465ee728b)  -> (artifact id: '190a4a22831808d5e0dc42585693b288') in 0.009695 seconds
Number of updated asset objects reloaded before import = 0
Number of asset objects unloaded after import = 9
========================================================================
Received Import Request.
  Time since last request: 0.000022 seconds.
  path: Assets/BeachBuildings/Prefab/SmallProps/IceCream_04.prefab
  artifactKey: Guid(94bbd7c7a69641d489a6affa7ce3e5f9) Importer(815301076,1909f56bfc062723c751e8b465ee728b)
Start importing Assets/BeachBuildings/Prefab/SmallProps/IceCream_04.prefab using Guid(94bbd7c7a69641d489a6affa7ce3e5f9) Importer(815301076,1909f56bfc062723c751e8b465ee728b)  -> (artifact id: '4fb3f853dd3297ae2d2d8f104af4eb12') in 0.008490 seconds
Number of updated asset objects reloaded before import = 0
Number of asset objects unloaded after import = 9
========================================================================
Received Import Request.
  Time since last request: 0.000034 seconds.
  path: Assets/BeachBuildings/Prefab/SmallProps/IceCream_10.prefab
  artifactKey: Guid(29c5fd1871dd84749be7387d8bc84f4a) Importer(815301076,1909f56bfc062723c751e8b465ee728b)
Start importing Assets/BeachBuildings/Prefab/SmallProps/IceCream_10.prefab using Guid(29c5fd1871dd84749be7387d8bc84f4a) Importer(815301076,1909f56bfc062723c751e8b465ee728b)  -> (artifact id: '016ddf8f387d7071e18ac83ecfc42273') in 0.006754 seconds
Number of updated asset objects reloaded before import = 0
Number of asset objects unloaded after import = 9
========================================================================
Received Import Request.
  Time since last request: 0.000015 seconds.
  path: Assets/BeachBuildings/Prefab/SmallProps/FlowerPot_02.prefab
  artifactKey: Guid(6b4495afe1da30f408e22e40f888ca50) Importer(815301076,1909f56bfc062723c751e8b465ee728b)
Start importing Assets/BeachBuildings/Prefab/SmallProps/FlowerPot_02.prefab using Guid(6b4495afe1da30f408e22e40f888ca50) Importer(815301076,1909f56bfc062723c751e8b465ee728b)  -> (artifact id: 'd7d3d1fca8a34e5e8d58f765190906c6') in 0.112684 seconds
Number of updated asset objects reloaded before import = 0
Number of asset objects unloaded after import = 10
========================================================================
Received Import Request.
  Time since last request: 0.000017 seconds.
  path: Assets/BeachBuildings/Prefab/SmallProps/Cocktail_05.prefab
  artifactKey: Guid(4da883f8ccb2dc940ba2050fefb41251) Importer(815301076,1909f56bfc062723c751e8b465ee728b)
Start importing Assets/BeachBuildings/Prefab/SmallProps/Cocktail_05.prefab using Guid(4da883f8ccb2dc940ba2050fefb41251) Importer(815301076,1909f56bfc062723c751e8b465ee728b)  -> (artifact id: '8a49e678f6088f0d9f5be146d052e7ab') in 0.009224 seconds
Number of updated asset objects reloaded before import = 0
Number of asset objects unloaded after import = 9
========================================================================
Received Import Request.
  Time since last request: 0.000014 seconds.
  path: Assets/BeachBuildings/Prefab/SmallProps/IceCream_07.prefab
  artifactKey: Guid(a73dda27142f0d94a9d08f1ba6b1a8a0) Importer(815301076,1909f56bfc062723c751e8b465ee728b)
Start importing Assets/BeachBuildings/Prefab/SmallProps/IceCream_07.prefab using Guid(a73dda27142f0d94a9d08f1ba6b1a8a0) Importer(815301076,1909f56bfc062723c751e8b465ee728b)  -> (artifact id: '2673287923c1ed8fd48629ee89c77856') in 0.021555 seconds
Number of updated asset objects reloaded before import = 0
Number of asset objects unloaded after import = 9
========================================================================
Received Import Request.
  Time since last request: 0.000016 seconds.
  path: Assets/BeachBuildings/Prefab/SmallProps/Towel_05.prefab
  artifactKey: Guid(39fe8a7ead8382d4b8c5fdad89e6cbba) Importer(815301076,1909f56bfc062723c751e8b465ee728b)
Start importing Assets/BeachBuildings/Prefab/SmallProps/Towel_05.prefab using Guid(39fe8a7ead8382d4b8c5fdad89e6cbba) Importer(815301076,1909f56bfc062723c751e8b465ee728b)  -> (artifact id: 'd56794371e927f96b2ad2154acdff65d') in 0.020067 seconds
Number of updated asset objects reloaded before import = 0
Number of asset objects unloaded after import = 9
========================================================================
Received Import Request.
  Time since last request: 0.000048 seconds.
  path: Assets/BeachBuildings/Prefab/SmallProps/IceCream_12.prefab
  artifactKey: Guid(aefb5b4382dd49a4a800175e62e654a3) Importer(815301076,1909f56bfc062723c751e8b465ee728b)
Start importing Assets/BeachBuildings/Prefab/SmallProps/IceCream_12.prefab using Guid(aefb5b4382dd49a4a800175e62e654a3) Importer(815301076,1909f56bfc062723c751e8b465ee728b)  -> (artifact id: 'f0fe94c2e5f51e258c2cc953e76236d9') in 0.014293 seconds
Number of updated asset objects reloaded before import = 0
Number of asset objects unloaded after import = 9
========================================================================
Received Import Request.
  Time since last request: 0.000018 seconds.
  path: Assets/BeachBuildings/Prefab/SmallProps/RubbeRing_03.prefab
  artifactKey: Guid(d7262f4dea3175247afe4467ed7ba6b8) Importer(815301076,1909f56bfc062723c751e8b465ee728b)
Start importing Assets/BeachBuildings/Prefab/SmallProps/RubbeRing_03.prefab using Guid(d7262f4dea3175247afe4467ed7ba6b8) Importer(815301076,1909f56bfc062723c751e8b465ee728b)  -> (artifact id: '21cd48edc647e2c454262edb13639629') in 0.007202 seconds
Number of updated asset objects reloaded before import = 0
Number of asset objects unloaded after import = 9
========================================================================
Received Import Request.
  Time since last request: 0.000044 seconds.
  path: Assets/BeachBuildings/Prefab/SmallProps/Towel_02.prefab
  artifactKey: Guid(62eb566509403c94da46f682fa6942ea) Importer(815301076,1909f56bfc062723c751e8b465ee728b)
Start importing Assets/BeachBuildings/Prefab/SmallProps/Towel_02.prefab using Guid(62eb566509403c94da46f682fa6942ea) Importer(815301076,1909f56bfc062723c751e8b465ee728b)  -> (artifact id: 'be9dc91c8af9169e96edd571ea7dc501') in 0.010652 seconds
Number of updated asset objects reloaded before import = 0
Number of asset objects unloaded after import = 9
========================================================================
Received Import Request.
  Time since last request: 0.000106 seconds.
  path: Assets/BeachBuildings/Prefab/SmallProps/IceCream_13.prefab
  artifactKey: Guid(8b234dcb9083eb34f99e75832afe8046) Importer(815301076,1909f56bfc062723c751e8b465ee728b)
Start importing Assets/BeachBuildings/Prefab/SmallProps/IceCream_13.prefab using Guid(8b234dcb9083eb34f99e75832afe8046) Importer(815301076,1909f56bfc062723c751e8b465ee728b)  -> (artifact id: '83dcd024fe2fc658e7851930aa5599b1') in 0.015975 seconds
Number of updated asset objects reloaded before import = 0
Number of asset objects unloaded after import = 9
========================================================================
Received Import Request.
  Time since last request: 0.000019 seconds.
  path: Assets/BeachBuildings/Prefab/SmallProps/Toy_Bucket_01.prefab
  artifactKey: Guid(2bb37a80fc028044dba62ea2645fac61) Importer(815301076,1909f56bfc062723c751e8b465ee728b)
Start importing Assets/BeachBuildings/Prefab/SmallProps/Toy_Bucket_01.prefab using Guid(2bb37a80fc028044dba62ea2645fac61) Importer(815301076,1909f56bfc062723c751e8b465ee728b)  -> (artifact id: '17a318011fbc6b4a86abf82dfe4d1b9b') in 0.006664 seconds
Number of updated asset objects reloaded before import = 0
Number of asset objects unloaded after import = 10
========================================================================
Received Import Request.
  Time since last request: 0.000021 seconds.
  path: Assets/BeachBuildings/Prefab/SmallProps/Toy_Rake_02.prefab
  artifactKey: Guid(c5f4f94a98fe9444a985a36e4844cbd3) Importer(815301076,1909f56bfc062723c751e8b465ee728b)
Start importing Assets/BeachBuildings/Prefab/SmallProps/Toy_Rake_02.prefab using Guid(c5f4f94a98fe9444a985a36e4844cbd3) Importer(815301076,1909f56bfc062723c751e8b465ee728b)  -> (artifact id: '2b8e6f07e99e2cda9a3c1ed2c1a23791') in 0.008139 seconds
Number of updated asset objects reloaded before import = 0
Number of asset objects unloaded after import = 9
========================================================================
Received Import Request.
  Time since last request: 0.000018 seconds.
  path: Assets/BeachBuildings/Prefab/SmallProps/Toy_Shovel_02.prefab
  artifactKey: Guid(a18781b3ef203e34084b2d34c9e276c6) Importer(815301076,1909f56bfc062723c751e8b465ee728b)
Start importing Assets/BeachBuildings/Prefab/SmallProps/Toy_Shovel_02.prefab using Guid(a18781b3ef203e34084b2d34c9e276c6) Importer(815301076,1909f56bfc062723c751e8b465ee728b)  -> (artifact id: 'f7dd95a24744362f5874d03f4395ef1b') in 0.013365 seconds
Number of updated asset objects reloaded before import = 0
Number of asset objects unloaded after import = 9
========================================================================
Received Import Request.
  Time since last request: 0.000030 seconds.
  path: Assets/BeachBuildings/Prefab/SmallProps/Toy_Rake_05.prefab
  artifactKey: Guid(c15a2e22807364d43a0248cf797a01d7) Importer(815301076,1909f56bfc062723c751e8b465ee728b)
Start importing Assets/BeachBuildings/Prefab/SmallProps/Toy_Rake_05.prefab using Guid(c15a2e22807364d43a0248cf797a01d7) Importer(815301076,1909f56bfc062723c751e8b465ee728b)  -> (artifact id: 'c885ef8e3581b9b0924d4aa8f696daba') in 0.009360 seconds
Number of updated asset objects reloaded before import = 0
Number of asset objects unloaded after import = 9
========================================================================
Received Import Request.
  Time since last request: 0.000650 seconds.
  path: Assets/BeachBuildings/Prefab/SmallProps/Toy_Rake_03.prefab
  artifactKey: Guid(6e1d248b819ae4b42a1c14f065c1fb1e) Importer(815301076,1909f56bfc062723c751e8b465ee728b)
Start importing Assets/BeachBuildings/Prefab/SmallProps/Toy_Rake_03.prefab using Guid(6e1d248b819ae4b42a1c14f065c1fb1e) Importer(815301076,1909f56bfc062723c751e8b465ee728b)  -> (artifact id: '7ae80049d347b587ffe65db8d40c1eda') in 0.009675 seconds
Number of updated asset objects reloaded before import = 0
Number of asset objects unloaded after import = 9
========================================================================
Received Import Request.
  Time since last request: 0.000040 seconds.
  path: Assets/BeachBuildings/Prefab/SmallProps/Toy_Rake_01.prefab
  artifactKey: Guid(2f3726566d7a87145986784a61436a76) Importer(815301076,1909f56bfc062723c751e8b465ee728b)
Start importing Assets/BeachBuildings/Prefab/SmallProps/Toy_Rake_01.prefab using Guid(2f3726566d7a87145986784a61436a76) Importer(815301076,1909f56bfc062723c751e8b465ee728b)  -> (artifact id: '3c28457effa085f0cca7037484781d2c') in 0.019073 seconds
Number of updated asset objects reloaded before import = 0
Number of asset objects unloaded after import = 9
========================================================================
Received Import Request.
  Time since last request: 0.000026 seconds.
  path: Assets/BeachBuildings/Prefab/SmallProps/SeaShell_04.prefab
  artifactKey: Guid(cc20200a5f0ab794c8cc2a76a73f44fb) Importer(815301076,1909f56bfc062723c751e8b465ee728b)
Start importing Assets/BeachBuildings/Prefab/SmallProps/SeaShell_04.prefab using Guid(cc20200a5f0ab794c8cc2a76a73f44fb) Importer(815301076,1909f56bfc062723c751e8b465ee728b)  -> (artifact id: 'e3efbcbcb9abcff1243451c73ae50491') in 0.023786 seconds
Number of updated asset objects reloaded before import = 0
Number of asset objects unloaded after import = 9
========================================================================
Received Import Request.
  Time since last request: 0.002470 seconds.
  path: Assets/BeachBuildings/Prefab/SmallProps/Toy_WateringCan_01.prefab
  artifactKey: Guid(cca7d337097c1aa41a77888f8cf9c5f3) Importer(815301076,1909f56bfc062723c751e8b465ee728b)
Start importing Assets/BeachBuildings/Prefab/SmallProps/Toy_WateringCan_01.prefab using Guid(cca7d337097c1aa41a77888f8cf9c5f3) Importer(815301076,1909f56bfc062723c751e8b465ee728b)  -> (artifact id: '92e4f2faf8a314a6edfeff1df2d1ae54') in 0.009438 seconds
Number of updated asset objects reloaded before import = 0
Number of asset objects unloaded after import = 9
========================================================================
Received Import Request.
  Time since last request: 0.000023 seconds.
  path: Assets/BeachBuildings/Prefab/SmallProps/Towel_01.prefab
  artifactKey: Guid(5ddae889a3b30e84caa052b63ec56b70) Importer(815301076,1909f56bfc062723c751e8b465ee728b)
Start importing Assets/BeachBuildings/Prefab/SmallProps/Towel_01.prefab using Guid(5ddae889a3b30e84caa052b63ec56b70) Importer(815301076,1909f56bfc062723c751e8b465ee728b)  -> (artifact id: '7b61d5932ebcc3b80bb86b8e4749332e') in 0.010475 seconds
Number of updated asset objects reloaded before import = 0
Number of asset objects unloaded after import = 9
========================================================================
Received Import Request.
  Time since last request: 0.000087 seconds.
  path: Assets/BeachBuildings/Prefab/SmallProps/Towel_06.prefab
  artifactKey: Guid(ec7294f69d9b70d4a9719b6b59ddeba6) Importer(815301076,1909f56bfc062723c751e8b465ee728b)
Start importing Assets/BeachBuildings/Prefab/SmallProps/Towel_06.prefab using Guid(ec7294f69d9b70d4a9719b6b59ddeba6) Importer(815301076,1909f56bfc062723c751e8b465ee728b)  -> (artifact id: '07a2f90a6f0e9655d0e96546ef341013') in 0.006532 seconds
Number of updated asset objects reloaded before import = 0
Number of asset objects unloaded after import = 9
========================================================================
Received Import Request.
  Time since last request: 0.000048 seconds.
  path: Assets/BeachBuildings/Prefab/SmallProps/Cocktail_06.prefab
  artifactKey: Guid(9c067719579f30f49889eb7539952669) Importer(815301076,1909f56bfc062723c751e8b465ee728b)
Start importing Assets/BeachBuildings/Prefab/SmallProps/Cocktail_06.prefab using Guid(9c067719579f30f49889eb7539952669) Importer(815301076,1909f56bfc062723c751e8b465ee728b)  -> (artifact id: '8f1566ab63debd4ade085f7fb103dbcb') in 0.008523 seconds
Number of updated asset objects reloaded before import = 0
Number of asset objects unloaded after import = 9
========================================================================
Received Import Request.
  Time since last request: 0.000035 seconds.
  path: Assets/BeachBuildings/Prefab/SmallProps/RubbeRing_01.prefab
  artifactKey: Guid(c369784f3a1592741bf5b42e5e1cecfb) Importer(815301076,1909f56bfc062723c751e8b465ee728b)
Start importing Assets/BeachBuildings/Prefab/SmallProps/RubbeRing_01.prefab using Guid(c369784f3a1592741bf5b42e5e1cecfb) Importer(815301076,1909f56bfc062723c751e8b465ee728b)  -> (artifact id: '8204ee0ffd4e216826e8daad89e18c9d') in 0.010829 seconds
Number of updated asset objects reloaded before import = 0
Number of asset objects unloaded after import = 9
========================================================================
Received Import Request.
  Time since last request: 0.000143 seconds.
  path: Assets/BeachBuildings/Prefab/SmallProps/Towel_07.prefab
  artifactKey: Guid(5801c8f749ec6b640bc31cb157c9ae12) Importer(815301076,1909f56bfc062723c751e8b465ee728b)
Start importing Assets/BeachBuildings/Prefab/SmallProps/Towel_07.prefab using Guid(5801c8f749ec6b640bc31cb157c9ae12) Importer(815301076,1909f56bfc062723c751e8b465ee728b)  -> (artifact id: '03552df7ae7107ac529e5f16ec178f44') in 0.008961 seconds
Number of updated asset objects reloaded before import = 0
Number of asset objects unloaded after import = 9
========================================================================
Received Import Request.
  Time since last request: 0.000024 seconds.
  path: Assets/BeachBuildings/Prefab/SmallProps/IceCream_03.prefab
  artifactKey: Guid(db4a2cdf3bd077c43b6d1fc28559feb3) Importer(815301076,1909f56bfc062723c751e8b465ee728b)
Start importing Assets/BeachBuildings/Prefab/SmallProps/IceCream_03.prefab using Guid(db4a2cdf3bd077c43b6d1fc28559feb3) Importer(815301076,1909f56bfc062723c751e8b465ee728b)  -> (artifact id: 'fcaea9a0791e9d0ab17a7a2eb02db962') in 0.013204 seconds
Number of updated asset objects reloaded before import = 0
Number of asset objects unloaded after import = 9
========================================================================
Received Import Request.
  Time since last request: 0.000064 seconds.
  path: Assets/BeachBuildings/Prefab/SmallProps/SandCastle_01.prefab
  artifactKey: Guid(84173468b9c740f4295d9b71c025dd7d) Importer(815301076,1909f56bfc062723c751e8b465ee728b)
Start importing Assets/BeachBuildings/Prefab/SmallProps/SandCastle_01.prefab using Guid(84173468b9c740f4295d9b71c025dd7d) Importer(815301076,1909f56bfc062723c751e8b465ee728b)  -> (artifact id: 'c4c415786f7c929dd59f8021395b9289') in 0.010180 seconds
Number of updated asset objects reloaded before import = 0
Number of asset objects unloaded after import = 10
========================================================================
Received Import Request.
  Time since last request: 0.000030 seconds.
  path: Assets/BeachBuildings/Prefab/SmallProps/Cocktail_03.prefab
  artifactKey: Guid(de9d21008604ee34496c72f009a05610) Importer(815301076,1909f56bfc062723c751e8b465ee728b)
Start importing Assets/BeachBuildings/Prefab/SmallProps/Cocktail_03.prefab using Guid(de9d21008604ee34496c72f009a05610) Importer(815301076,1909f56bfc062723c751e8b465ee728b)  -> (artifact id: '2f146af1efeba97ead6ce7af0472b3f4') in 0.007742 seconds
Number of updated asset objects reloaded before import = 0
Number of asset objects unloaded after import = 9
========================================================================
Received Import Request.
  Time since last request: 4.195152 seconds.
  path: Assets/BeachBuildings/Prefab/Bamboo
  artifactKey: Guid(044c40daa0449ee4b8696271d46a3347) Importer(815301076,1909f56bfc062723c751e8b465ee728b)
Start importing Assets/BeachBuildings/Prefab/Bamboo using Guid(044c40daa0449ee4b8696271d46a3347) Importer(815301076,1909f56bfc062723c751e8b465ee728b)  -> (artifact id: '4d6313c9c422ca63998ba7fdc934affb') in 0.000533 seconds
Number of updated asset objects reloaded before import = 0
Number of asset objects unloaded after import = 0
========================================================================
Received Import Request.
  Time since last request: 0.120362 seconds.
  path: Assets/BeachBuildings/Prefab/Bamboo/Bamboo_ArmChair_01.prefab
  artifactKey: Guid(4832303646243ef40a8e6edb264a188c) Importer(815301076,1909f56bfc062723c751e8b465ee728b)
Start importing Assets/BeachBuildings/Prefab/Bamboo/Bamboo_ArmChair_01.prefab using Guid(4832303646243ef40a8e6edb264a188c) Importer(815301076,1909f56bfc062723c751e8b465ee728b)  -> (artifact id: '6b5f5fc38a7ba9c050a4fb383dcdd247') in 0.030859 seconds
Number of updated asset objects reloaded before import = 0
Number of asset objects unloaded after import = 10
========================================================================
Received Import Request.
  Time since last request: 0.000015 seconds.
  path: Assets/BeachBuildings/Prefab/Bamboo/Bamboo_BeachUmbrella_01.prefab
  artifactKey: Guid(df3257e7b7f3fa5468387041747d5947) Importer(815301076,1909f56bfc062723c751e8b465ee728b)
Start importing Assets/BeachBuildings/Prefab/Bamboo/Bamboo_BeachUmbrella_01.prefab using Guid(df3257e7b7f3fa5468387041747d5947) Importer(815301076,1909f56bfc062723c751e8b465ee728b)  -> (artifact id: 'f6d20df94f96d21faef3066c932939da') in 0.006164 seconds
Number of updated asset objects reloaded before import = 0
Number of asset objects unloaded after import = 10
========================================================================
Received Import Request.
  Time since last request: 0.000016 seconds.
  path: Assets/BeachBuildings/Prefab/Bamboo/Bamboo_Bed_01.prefab
  artifactKey: Guid(477a8fb013bf8da4188005c211f348db) Importer(815301076,1909f56bfc062723c751e8b465ee728b)
Start importing Assets/BeachBuildings/Prefab/Bamboo/Bamboo_Bed_01.prefab using Guid(477a8fb013bf8da4188005c211f348db) Importer(815301076,1909f56bfc062723c751e8b465ee728b)  -> (artifact id: 'c0a255016e52cb5333eecfcaf32ccacb') in 0.034370 seconds
Number of updated asset objects reloaded before import = 0
Number of asset objects unloaded after import = 10
========================================================================
Received Import Request.
  Time since last request: 0.000015 seconds.
  path: Assets/BeachBuildings/Prefab/Bamboo/Bamboo_Mirror_01.prefab
  artifactKey: Guid(515a05886ac047041b05252d716449d5) Importer(815301076,1909f56bfc062723c751e8b465ee728b)
Start importing Assets/BeachBuildings/Prefab/Bamboo/Bamboo_Mirror_01.prefab using Guid(515a05886ac047041b05252d716449d5) Importer(815301076,1909f56bfc062723c751e8b465ee728b)  -> (artifact id: 'd44075db8392b569a8df25f0be7ba565') in 0.045338 seconds
Number of updated asset objects reloaded before import = 0
Number of asset objects unloaded after import = 9
========================================================================
Received Import Request.
  Time since last request: 0.000014 seconds.
  path: Assets/BeachBuildings/Prefab/Bamboo/Bamboo_Chair_03.prefab
  artifactKey: Guid(839d0dfc37a9ebf4c8b09cc467d42d44) Importer(815301076,1909f56bfc062723c751e8b465ee728b)
Start importing Assets/BeachBuildings/Prefab/Bamboo/Bamboo_Chair_03.prefab using Guid(839d0dfc37a9ebf4c8b09cc467d42d44) Importer(815301076,1909f56bfc062723c751e8b465ee728b)  -> (artifact id: '155060dbf36ee78b75faf053c97e6bcc') in 0.005744 seconds
Number of updated asset objects reloaded before import = 0
Number of asset objects unloaded after import = 10
========================================================================
Received Import Request.
  Time since last request: 0.000023 seconds.
  path: Assets/BeachBuildings/Prefab/Bamboo/Bamboo_Table_02.prefab
  artifactKey: Guid(e1760d7ed8c9c1b4187352f7d9517044) Importer(815301076,1909f56bfc062723c751e8b465ee728b)
Start importing Assets/BeachBuildings/Prefab/Bamboo/Bamboo_Table_02.prefab using Guid(e1760d7ed8c9c1b4187352f7d9517044) Importer(815301076,1909f56bfc062723c751e8b465ee728b)  -> (artifact id: '8587f65c9e61567e1bc09d23a58ab861') in 0.014715 seconds
Number of updated asset objects reloaded before import = 0
Number of asset objects unloaded after import = 10
========================================================================
Received Import Request.
  Time since last request: 0.000036 seconds.
  path: Assets/BeachBuildings/Prefab/Bamboo/Bamboo_Table_01.prefab
  artifactKey: Guid(2f91c49aa2052cd4ea349f6f8da45361) Importer(815301076,1909f56bfc062723c751e8b465ee728b)
Start importing Assets/BeachBuildings/Prefab/Bamboo/Bamboo_Table_01.prefab using Guid(2f91c49aa2052cd4ea349f6f8da45361) Importer(815301076,1909f56bfc062723c751e8b465ee728b)  -> (artifact id: 'fc5b3556ca9c2e708bcdfd8daa5045e5') in 0.029278 seconds
Number of updated asset objects reloaded before import = 0
Number of asset objects unloaded after import = 10
========================================================================
Received Import Request.
  Time since last request: 0.000017 seconds.
  path: Assets/BeachBuildings/Prefab/Bamboo/Bamboo_Chair_02.prefab
  artifactKey: Guid(a4f0fb47016be15499600534cec48187) Importer(815301076,1909f56bfc062723c751e8b465ee728b)
Start importing Assets/BeachBuildings/Prefab/Bamboo/Bamboo_Chair_02.prefab using Guid(a4f0fb47016be15499600534cec48187) Importer(815301076,1909f56bfc062723c751e8b465ee728b)  -> (artifact id: '9243b786a97e34b01dc60ab6c96c001d') in 0.025534 seconds
Number of updated asset objects reloaded before import = 0
Number of asset objects unloaded after import = 10
========================================================================
Received Import Request.
  Time since last request: 6.855636 seconds.
  path: Assets/BeachBuildings/Prefab/Huts/Hut_05.prefab
  artifactKey: Guid(70666685ca39c3e49916b50225cae5ee) Importer(815301076,1909f56bfc062723c751e8b465ee728b)
Start importing Assets/BeachBuildings/Prefab/Huts/Hut_05.prefab using Guid(70666685ca39c3e49916b50225cae5ee) Importer(815301076,1909f56bfc062723c751e8b465ee728b)  -> (artifact id: 'ce62abf57bad2298d32d9326099aa209') in 0.030543 seconds
Number of updated asset objects reloaded before import = 0
Number of asset objects unloaded after import = 10
========================================================================
Received Import Request.
  Time since last request: 7.429036 seconds.
  path: Assets/BeachBuildings/Prefab/Huts/Kit/Kit_GroundSide_Right.prefab
  artifactKey: Guid(67b910886d820fb4e89ac76f2ca3d0a0) Importer(815301076,1909f56bfc062723c751e8b465ee728b)
Start importing Assets/BeachBuildings/Prefab/Huts/Kit/Kit_GroundSide_Right.prefab using Guid(67b910886d820fb4e89ac76f2ca3d0a0) Importer(815301076,1909f56bfc062723c751e8b465ee728b)  -> (artifact id: 'f6191ad7d9b692264deaba2b87d0b963') in 0.008297 seconds
Number of updated asset objects reloaded before import = 0
Number of asset objects unloaded after import = 10
========================================================================
Received Import Request.
  Time since last request: 0.047408 seconds.
  path: Assets/BeachBuildings/Prefab/Huts/Kit/Kit_RoofCorner_01.prefab
  artifactKey: Guid(1b2d9c6cbb6917c43a878547cf8a1a6d) Importer(815301076,1909f56bfc062723c751e8b465ee728b)
Start importing Assets/BeachBuildings/Prefab/Huts/Kit/Kit_RoofCorner_01.prefab using Guid(1b2d9c6cbb6917c43a878547cf8a1a6d) Importer(815301076,1909f56bfc062723c751e8b465ee728b)  -> (artifact id: '65f0b27d3495ff849db980684cb9a759') in 0.006653 seconds
Number of updated asset objects reloaded before import = 0
Number of asset objects unloaded after import = 9
========================================================================
Received Import Request.
  Time since last request: 8.391115 seconds.
  path: Assets/BeachBuildings/Prefab/Rattan/Rattan_Chair_01.prefab
  artifactKey: Guid(3a7458930dc614d48823e1cc05a7c82b) Importer(815301076,1909f56bfc062723c751e8b465ee728b)
Start importing Assets/BeachBuildings/Prefab/Rattan/Rattan_Chair_01.prefab using Guid(3a7458930dc614d48823e1cc05a7c82b) Importer(815301076,1909f56bfc062723c751e8b465ee728b)  -> (artifact id: '469fce55d9eb7dec60adb46a0deedca4') in 0.012716 seconds
Number of updated asset objects reloaded before import = 0
Number of asset objects unloaded after import = 10
========================================================================
Received Import Request.
  Time since last request: 0.126230 seconds.
  path: Assets/BeachBuildings/Prefab/Rattan/Rattan_Sunbed_01.prefab
  artifactKey: Guid(a5e03511f3a773946b14e16c631af429) Importer(815301076,1909f56bfc062723c751e8b465ee728b)
Start importing Assets/BeachBuildings/Prefab/Rattan/Rattan_Sunbed_01.prefab using Guid(a5e03511f3a773946b14e16c631af429) Importer(815301076,1909f56bfc062723c751e8b465ee728b)  -> (artifact id: 'a1b6cbb584a01f99eaa8d341dacdc709') in 0.012519 seconds
Number of updated asset objects reloaded before import = 0
Number of asset objects unloaded after import = 10
========================================================================
Received Import Request.
  Time since last request: 0.002900 seconds.
  path: Assets/BeachBuildings/Prefab/Rattan/Rattan_TableLow_02.prefab
  artifactKey: Guid(c09eb73475ae63940bf93a64b6b119b8) Importer(815301076,1909f56bfc062723c751e8b465ee728b)
Start importing Assets/BeachBuildings/Prefab/Rattan/Rattan_TableLow_02.prefab using Guid(c09eb73475ae63940bf93a64b6b119b8) Importer(815301076,1909f56bfc062723c751e8b465ee728b)  -> (artifact id: '9ac6c0a798beb815701a7dc06dcff2a9') in 0.007897 seconds
Number of updated asset objects reloaded before import = 0
Number of asset objects unloaded after import = 10
========================================================================
Received Import Request.
  Time since last request: 3.038015 seconds.
  path: Assets/BeachBuildings/Prefab/Props/Boat_02.prefab
  artifactKey: Guid(17a39b4d4cc974c4d9514102553ad4d2) Importer(815301076,1909f56bfc062723c751e8b465ee728b)
Start importing Assets/BeachBuildings/Prefab/Props/Boat_02.prefab using Guid(17a39b4d4cc974c4d9514102553ad4d2) Importer(815301076,1909f56bfc062723c751e8b465ee728b)  -> (artifact id: '90c1021599d9f14ad377c196976d29f7') in 0.042750 seconds
Number of updated asset objects reloaded before import = 0
Number of asset objects unloaded after import = 10
========================================================================
Received Import Request.
  Time since last request: 0.000032 seconds.
  path: Assets/BeachBuildings/Prefab/Props/Lighthouse_01.prefab
  artifactKey: Guid(124b40527b6cf2545b511bdc0f59ed78) Importer(815301076,1909f56bfc062723c751e8b465ee728b)
Start importing Assets/BeachBuildings/Prefab/Props/Lighthouse_01.prefab using Guid(124b40527b6cf2545b511bdc0f59ed78) Importer(815301076,1909f56bfc062723c751e8b465ee728b)  -> (artifact id: '4f938f045de07afae69493d38921af2f') in 0.006308 seconds
Number of updated asset objects reloaded before import = 0
Number of asset objects unloaded after import = 10
========================================================================
Received Import Request.
  Time since last request: 0.017393 seconds.
  path: Assets/BeachBuildings/Prefab/Props/Torch_01.prefab
  artifactKey: Guid(47cd95769f826b04989148a0cf520dc1) Importer(815301076,1909f56bfc062723c751e8b465ee728b)
Start importing Assets/BeachBuildings/Prefab/Props/Torch_01.prefab using Guid(47cd95769f826b04989148a0cf520dc1) Importer(815301076,1909f56bfc062723c751e8b465ee728b)  -> (artifact id: '5fbeb35745ee0d20cce791e9d4f6b2c3') in 0.006383 seconds
Number of updated asset objects reloaded before import = 0
Number of asset objects unloaded after import = 10
========================================================================
Received Import Request.
  Time since last request: 0.115019 seconds.
  path: Assets/BeachBuildings/Prefab/Props/Trash_01.prefab
  artifactKey: Guid(389b9264a73551449909dcf6935a7815) Importer(815301076,1909f56bfc062723c751e8b465ee728b)
Start importing Assets/BeachBuildings/Prefab/Props/Trash_01.prefab using Guid(389b9264a73551449909dcf6935a7815) Importer(815301076,1909f56bfc062723c751e8b465ee728b)  -> (artifact id: '8f97591a4506e104bee5ef0a544b1d29') in 0.009604 seconds
Number of updated asset objects reloaded before import = 0
Number of asset objects unloaded after import = 10
========================================================================
Received Import Request.
  Time since last request: 16.081987 seconds.
  path: Assets/BeachBuildings/Textures/Sand_tile.png
  artifactKey: Guid(1cdb33f6a76fe4c4fbd960a3787040e7) Importer(815301076,1909f56bfc062723c751e8b465ee728b)
Start importing Assets/BeachBuildings/Textures/Sand_tile.png using Guid(1cdb33f6a76fe4c4fbd960a3787040e7) Importer(815301076,1909f56bfc062723c751e8b465ee728b)  -> (artifact id: '3ed46bebc7b71252dda4acdb874bbbb3') in 0.026910 seconds
Number of updated asset objects reloaded before import = 0
Number of asset objects unloaded after import = 2
