Using pre-set license
Built from '2022.3/staging' branch; Version is '2022.3.11f1 (d00248457e15) revision 13632072'; Using compiler version '192829333'; Build Type 'Release'
OS: 'Windows 10  (10.0.19045) 64bit Core' Language: 'pl' Physical Memory: 8134 MB
BatchMode: 1, IsHumanControllingUs: 0, StartBugReporterOnCrash: 0, Is64bit: 1, IsPro: 1

COMMAND LINE ARGUMENTS:
D:\Program Files\2022.3.11f1\Editor\Unity.exe
-adb2
-batchMode
-noUpm
-name
AssetImportWorker2
-projectPath
D:/szkola/tropical-island-game/Game
-logFile
Logs/AssetImportWorker2.log
-srvPort
57496
Successfully changed project path to: D:/szkola/tropical-island-game/Game
D:/szkola/tropical-island-game/Game
[UnityMemory] Configuration Parameters - Can be set up in boot.config
    "memorysetup-bucket-allocator-granularity=16"
    "memorysetup-bucket-allocator-bucket-count=8"
    "memorysetup-bucket-allocator-block-size=33554432"
    "memorysetup-bucket-allocator-block-count=8"
    "memorysetup-main-allocator-block-size=16777216"
    "memorysetup-thread-allocator-block-size=16777216"
    "memorysetup-gfx-main-allocator-block-size=16777216"
    "memorysetup-gfx-thread-allocator-block-size=16777216"
    "memorysetup-cache-allocator-block-size=4194304"
    "memorysetup-typetree-allocator-block-size=2097152"
    "memorysetup-profiler-bucket-allocator-granularity=16"
    "memorysetup-profiler-bucket-allocator-bucket-count=8"
    "memorysetup-profiler-bucket-allocator-block-size=33554432"
    "memorysetup-profiler-bucket-allocator-block-count=8"
    "memorysetup-profiler-allocator-block-size=16777216"
    "memorysetup-profiler-editor-allocator-block-size=1048576"
    "memorysetup-temp-allocator-size-main=16777216"
    "memorysetup-job-temp-allocator-block-size=2097152"
    "memorysetup-job-temp-allocator-block-size-background=1048576"
    "memorysetup-job-temp-allocator-reduction-small-platforms=262144"
    "memorysetup-allocator-temp-initial-block-size-main=262144"
    "memorysetup-allocator-temp-initial-block-size-worker=262144"
    "memorysetup-temp-allocator-size-background-worker=32768"
    "memorysetup-temp-allocator-size-job-worker=262144"
    "memorysetup-temp-allocator-size-preload-manager=33554432"
    "memorysetup-temp-allocator-size-nav-mesh-worker=65536"
    "memorysetup-temp-allocator-size-audio-worker=65536"
    "memorysetup-temp-allocator-size-cloud-worker=32768"
    "memorysetup-temp-allocator-size-gi-baking-worker=262144"
    "memorysetup-temp-allocator-size-gfx=262144"
Player connection [10116] Host "[IP] 192.168.0.11 [Port] 0 [Flags] 2 [Guid] 4108890211 [EditorId] 4108890211 [Version] 1048832 [Id] WindowsEditor(7,DESKTOP-SO6R3VQ) [Debug] 1 [PackageName] WindowsEditor [ProjectName] Editor" joined multi-casting on [225.0.0.222:54997]...

Player connection [10116] Host "[IP] 192.168.0.11 [Port] 0 [Flags] 2 [Guid] 4108890211 [EditorId] 4108890211 [Version] 1048832 [Id] WindowsEditor(7,DESKTOP-SO6R3VQ) [Debug] 1 [PackageName] WindowsEditor [ProjectName] Editor" joined alternative multi-casting on [225.0.0.222:34997]...

[Physics::Module] Initialized MultithreadedJobDispatcher with 5 workers.
Refreshing native plugins compatible for Editor in 339.10 ms, found 3 plugins.
Preloading 0 native plugins for Editor in 0.00 ms.
Initialize engine version: 2022.3.11f1 (d00248457e15)
[Subsystems] Discovering subsystems at path D:/Program Files/2022.3.11f1/Editor/Data/Resources/UnitySubsystems
[Subsystems] Discovering subsystems at path D:/szkola/tropical-island-game/Game/Assets
GfxDevice: creating device client; threaded=0; jobified=0
Direct3D:
    Version:  Direct3D 11.0 [level 11.1]
    Renderer: NVIDIA GeForce GTX 1660 (ID=0x2184)
    Vendor:   NVIDIA
    VRAM:     5980 MB
    Driver:   31.0.15.3623
Initialize mono
Mono path[0] = 'D:/Program Files/2022.3.11f1/Editor/Data/Managed'
Mono path[1] = 'D:/Program Files/2022.3.11f1/Editor/Data/MonoBleedingEdge/lib/mono/unityjit-win32'
Mono config path = 'D:/Program Files/2022.3.11f1/Editor/Data/MonoBleedingEdge/etc'
Using monoOptions --debugger-agent=transport=dt_socket,embedding=1,server=y,suspend=n,address=127.0.0.1:56592
Begin MonoManager ReloadAssembly
Registering precompiled unity dll's ...
Register platform support module: D:/Program Files/2022.3.11f1/Editor/Data/PlaybackEngines/WindowsStandaloneSupport/UnityEditor.WindowsStandalone.Extensions.dll
Registered in 0.031915 seconds.
- Loaded All Assemblies, in  2.321 seconds
Native extension for WindowsStandalone target not found
Mono: successfully reloaded assembly
- Finished resetting the current domain, in  0.278 seconds
Domain Reload Profiling: 2598ms
	BeginReloadAssembly (1990ms)
		ExecutionOrderSort (0ms)
		DisableScriptedObjects (0ms)
		BackupInstance (0ms)
		ReleaseScriptingObjects (0ms)
		CreateAndSetChildDomain (1ms)
	RebuildCommonClasses (35ms)
	RebuildNativeTypeToScriptingClass (11ms)
	initialDomainReloadingComplete (77ms)
	LoadAllAssembliesAndSetupDomain (207ms)
		LoadAssemblies (1989ms)
		RebuildTransferFunctionScriptingTraits (0ms)
		AnalyzeDomain (205ms)
			TypeCache.Refresh (204ms)
				TypeCache.ScanAssembly (191ms)
			ScanForSourceGeneratedMonoScriptInfo (0ms)
			ResolveRequiredComponents (0ms)
	FinalizeReload (278ms)
		ReleaseScriptCaches (0ms)
		RebuildScriptCaches (0ms)
		SetupLoadedEditorAssemblies (216ms)
			LogAssemblyErrors (0ms)
			InitializePlatformSupportModulesInManaged (8ms)
			SetLoadedEditorAssemblies (8ms)
			RefreshPlugins (0ms)
			BeforeProcessingInitializeOnLoad (2ms)
			ProcessInitializeOnLoadAttributes (130ms)
			ProcessInitializeOnLoadMethodAttributes (68ms)
			AfterProcessingInitializeOnLoad (0ms)
			EditorAssembliesLoaded (0ms)
		ExecutionOrderSort2 (0ms)
		AwakeInstancesAfterBackupRestoration (0ms)
========================================================================
Worker process is ready to serve import requests
Begin MonoManager ReloadAssembly
- Loaded All Assemblies, in  2.976 seconds
Refreshing native plugins compatible for Editor in 1.94 ms, found 3 plugins.
Native extension for WindowsStandalone target not found
Package Manager log level set to [2]
[Package Manager] Server::EnsureServerProcessIsRunning -- launch failed, reason: Unity was launched with the -noUpm command-line argument
[Package Manager] UpmClient::Send -- Unable to send message (not connected to UPM process).
[Package Manager] Cannot connect to Unity Package Manager local server
Mono: successfully reloaded assembly
- Finished resetting the current domain, in  0.625 seconds
Domain Reload Profiling: 3601ms
	BeginReloadAssembly (147ms)
		ExecutionOrderSort (0ms)
		DisableScriptedObjects (5ms)
		BackupInstance (0ms)
		ReleaseScriptingObjects (0ms)
		CreateAndSetChildDomain (20ms)
	RebuildCommonClasses (32ms)
	RebuildNativeTypeToScriptingClass (11ms)
	initialDomainReloadingComplete (35ms)
	LoadAllAssembliesAndSetupDomain (2750ms)
		LoadAssemblies (2576ms)
		RebuildTransferFunctionScriptingTraits (0ms)
		AnalyzeDomain (258ms)
			TypeCache.Refresh (237ms)
				TypeCache.ScanAssembly (192ms)
			ScanForSourceGeneratedMonoScriptInfo (15ms)
			ResolveRequiredComponents (4ms)
	FinalizeReload (626ms)
		ReleaseScriptCaches (0ms)
		RebuildScriptCaches (0ms)
		SetupLoadedEditorAssemblies (480ms)
			LogAssemblyErrors (0ms)
			InitializePlatformSupportModulesInManaged (5ms)
			SetLoadedEditorAssemblies (5ms)
			RefreshPlugins (0ms)
			BeforeProcessingInitializeOnLoad (55ms)
			ProcessInitializeOnLoadAttributes (394ms)
			ProcessInitializeOnLoadMethodAttributes (20ms)
			AfterProcessingInitializeOnLoad (3ms)
			EditorAssembliesLoaded (0ms)
		ExecutionOrderSort2 (0ms)
		AwakeInstancesAfterBackupRestoration (7ms)
Launched and connected shader compiler UnityShaderCompiler.exe after 0.11 seconds
Refreshing native plugins compatible for Editor in 1.98 ms, found 3 plugins.
Preloading 0 native plugins for Editor in 0.00 ms.
Unloading 3097 Unused Serialized files (Serialized files now loaded: 0)
Unloading 31 unused Assets / (29.6 KB). Loaded Objects now: 3594.
Memory consumption went from 141.2 MB to 141.2 MB.
Total: 3.031900 ms (FindLiveObjects: 0.264100 ms CreateObjectMapping: 0.167700 ms MarkObjects: 2.551700 ms  DeleteObjects: 0.047300 ms)

AssetImportParameters requested are different than current active one (requested -> active):
  custom:container-demuxer-ogg: 62fdf1f143b41e24485cea50d1cbac27 -> 
  custom:video-decoder-ogg-theora: a1e56fd34408186e4bbccfd4996cb3dc -> 
  custom:framework-win-MediaFoundation: 216162199b28c13a410421893ffa2e32 -> 
  custom:CustomObjectIndexerAttribute: 756ad292c208cfabdd7b50bc23989ffe -> 
  custom:container-demuxer-webm: 4f35f7cbe854078d1ac9338744f61a02 -> 
  custom:container-muxer-webm: aa71ff27fc2769a1b78a27578f13a17b -> 
  custom:video-decoder-webm-vp8: 9c59270c3fd7afecdb556c50c9e8de78 -> 
  custom:SearchIndexIgnoredProperties: e643bd26f0fe6173181afceb89e7c659 -> 
  custom:AudioImporter_EditorPlatform: d09bf68614088b80899f8185d706f6e7 -> 
  custom:video-encoder-webm-vp8: eb34c28f22e8b96e1ab97ce403110664 -> 
  custom:audio-decoder-ogg-vorbis: bf7c407c2cedff20999df2af8eb42d56 -> 
  custom:audio-encoder-webm-vorbis: bf7c407c2cedff20999df2af8eb42d56 -> 
========================================================================
Received Import Request.
  Time since last request: 724500.371012 seconds.
  path: Assets/CartoonSummerBeach/DemoScene/Standard Assets/Skyboxes/Textures/Sunny2/Sunny2_front.tif
  artifactKey: Guid(be7c377d128f1ff46a22853ecdb9e6d1) Importer(815301076,1909f56bfc062723c751e8b465ee728b)
Start importing Assets/CartoonSummerBeach/DemoScene/Standard Assets/Skyboxes/Textures/Sunny2/Sunny2_front.tif using Guid(be7c377d128f1ff46a22853ecdb9e6d1) Importer(815301076,1909f56bfc062723c751e8b465ee728b)  -> (artifact id: 'f1e82138b696cb95ca0cfbf5c33b6fde') in 0.169770 seconds
Number of updated asset objects reloaded before import = 0
Number of asset objects unloaded after import = 2
========================================================================
Received Import Request.
  Time since last request: 0.000024 seconds.
  path: Assets/CartoonSummerBeach/DemoScene/Standard Assets/Skyboxes/Textures/Sunny2/Sunny2_down.tif
  artifactKey: Guid(e58d7769af939f944aa34c67b70e282b) Importer(815301076,1909f56bfc062723c751e8b465ee728b)
Start importing Assets/CartoonSummerBeach/DemoScene/Standard Assets/Skyboxes/Textures/Sunny2/Sunny2_down.tif using Guid(e58d7769af939f944aa34c67b70e282b) Importer(815301076,1909f56bfc062723c751e8b465ee728b)  -> (artifact id: 'a18c430cbbcd5d3df6f223b1abf7505a') in 0.023506 seconds
Number of updated asset objects reloaded before import = 0
Number of asset objects unloaded after import = 2
========================================================================
Received Import Request.
  Time since last request: 1.172586 seconds.
  path: Assets/CartoonSummerBeach/DemoScene/Standard Assets/Skyboxes/Textures
  artifactKey: Guid(30f01865cfb0bd14d8b0f87414092275) Importer(815301076,1909f56bfc062723c751e8b465ee728b)
Start importing Assets/CartoonSummerBeach/DemoScene/Standard Assets/Skyboxes/Textures using Guid(30f01865cfb0bd14d8b0f87414092275) Importer(815301076,1909f56bfc062723c751e8b465ee728b)  -> (artifact id: '34da0b3d9bec57d22bb31a66acd03780') in 0.000717 seconds
Number of updated asset objects reloaded before import = 0
Number of asset objects unloaded after import = 0
========================================================================
Received Import Request.
  Time since last request: 5.900532 seconds.
  path: Assets/CartoonSummerBeach/DemoScene/Standard Assets/Skyboxes/Textures/Sunny2
  artifactKey: Guid(5082a87e31dbaf241a599d30b63dbcd4) Importer(815301076,1909f56bfc062723c751e8b465ee728b)
Start importing Assets/CartoonSummerBeach/DemoScene/Standard Assets/Skyboxes/Textures/Sunny2 using Guid(5082a87e31dbaf241a599d30b63dbcd4) Importer(815301076,1909f56bfc062723c751e8b465ee728b)  -> (artifact id: '354bed778951d287d0be96cdc9311188') in 0.000618 seconds
Number of updated asset objects reloaded before import = 0
Number of asset objects unloaded after import = 0
========================================================================
Received Import Request.
  Time since last request: 2.642603 seconds.
  path: Assets/CartoonSummerBeach/DemoScene/Standard Assets/Skyboxes/Textures/StarryNight
  artifactKey: Guid(9832d61cbfbea8a488d46075960cc068) Importer(815301076,1909f56bfc062723c751e8b465ee728b)
Start importing Assets/CartoonSummerBeach/DemoScene/Standard Assets/Skyboxes/Textures/StarryNight using Guid(9832d61cbfbea8a488d46075960cc068) Importer(815301076,1909f56bfc062723c751e8b465ee728b)  -> (artifact id: '29c133b409e2b3f9ca7e993223096a0b') in 0.000483 seconds
Number of updated asset objects reloaded before import = 0
Number of asset objects unloaded after import = 0
========================================================================
Received Import Request.
  Time since last request: 1.811026 seconds.
  path: Assets/CartoonSummerBeach/DemoScene/Standard Assets/Skyboxes/Textures/MoonShine
  artifactKey: Guid(616d80a6bd3e6674888235a32ae8b547) Importer(815301076,1909f56bfc062723c751e8b465ee728b)
Start importing Assets/CartoonSummerBeach/DemoScene/Standard Assets/Skyboxes/Textures/MoonShine using Guid(616d80a6bd3e6674888235a32ae8b547) Importer(815301076,1909f56bfc062723c751e8b465ee728b)  -> (artifact id: '1e19f91532f175ac85f5a09a9a6b438d') in 0.000473 seconds
Number of updated asset objects reloaded before import = 0
Number of asset objects unloaded after import = 0
========================================================================
Received Import Request.
  Time since last request: 1.503002 seconds.
  path: Assets/CartoonSummerBeach/DemoScene/Standard Assets/Skyboxes/Textures/Eerie
  artifactKey: Guid(3f9dc1002df203644a0774735e56b2fc) Importer(815301076,1909f56bfc062723c751e8b465ee728b)
Start importing Assets/CartoonSummerBeach/DemoScene/Standard Assets/Skyboxes/Textures/Eerie using Guid(3f9dc1002df203644a0774735e56b2fc) Importer(815301076,1909f56bfc062723c751e8b465ee728b)  -> (artifact id: 'bd8d51f8ba0f36b9c30658f2c418a24c') in 0.000521 seconds
Number of updated asset objects reloaded before import = 0
Number of asset objects unloaded after import = 0
========================================================================
Received Import Request.
  Time since last request: 236.628515 seconds.
  path: Assets/CartoonSummerBeach/Textures/NewSurfaceShader.shader
  artifactKey: Guid(bd0e3ed916e0ded46b2788ab1132f90f) Importer(815301076,1909f56bfc062723c751e8b465ee728b)
Start importing Assets/CartoonSummerBeach/Textures/NewSurfaceShader.shader using Guid(bd0e3ed916e0ded46b2788ab1132f90f) Importer(815301076,1909f56bfc062723c751e8b465ee728b)  -> (artifact id: '6066481a9252d90622db62522a1a0c69') in 0.004360 seconds
Number of updated asset objects reloaded before import = 0
Number of asset objects unloaded after import = 1
========================================================================
Received Import Request.
  Time since last request: 531.081747 seconds.
  path: Assets/CartoonSummerBeach/Export/IceCream_11.fbx
  artifactKey: Guid(1b3738133b8de524fb4ca10631e1dcb6) Importer(815301076,1909f56bfc062723c751e8b465ee728b)
Start importing Assets/CartoonSummerBeach/Export/IceCream_11.fbx using Guid(1b3738133b8de524fb4ca10631e1dcb6) Importer(815301076,1909f56bfc062723c751e8b465ee728b)  -> (artifact id: '2d4b24b6d0c4264ac4d6cf1e33841f89') in 0.131718 seconds
Number of updated asset objects reloaded before import = 0
Number of asset objects unloaded after import = 8
========================================================================
Received Import Request.
  Time since last request: 0.000020 seconds.
  path: Assets/CartoonSummerBeach/Export/IceCream_13.fbx
  artifactKey: Guid(5af7adefd9caa0542bc1b74da8117e7f) Importer(815301076,1909f56bfc062723c751e8b465ee728b)
Start importing Assets/CartoonSummerBeach/Export/IceCream_13.fbx using Guid(5af7adefd9caa0542bc1b74da8117e7f) Importer(815301076,1909f56bfc062723c751e8b465ee728b)  -> (artifact id: 'dcd2cf6f78a9b2e834f58bf97251d4c5') in 0.051530 seconds
Number of updated asset objects reloaded before import = 0
Number of asset objects unloaded after import = 8
========================================================================
Received Import Request.
  Time since last request: 0.000024 seconds.
  path: Assets/CartoonSummerBeach/Export/PalmTree_01.fbx
  artifactKey: Guid(f1cf339920d603944bc1b1db6650df42) Importer(815301076,1909f56bfc062723c751e8b465ee728b)
Start importing Assets/CartoonSummerBeach/Export/PalmTree_01.fbx using Guid(f1cf339920d603944bc1b1db6650df42) Importer(815301076,1909f56bfc062723c751e8b465ee728b)  -> (artifact id: '85d3cf45f9600fc32ac5677f98f6f961') in 0.010017 seconds
Number of updated asset objects reloaded before import = 0
Number of asset objects unloaded after import = 8
========================================================================
Received Import Request.
  Time since last request: 0.000077 seconds.
  path: Assets/CartoonSummerBeach/Export/Kit_Fence_01.fbx
  artifactKey: Guid(2ed2910b4f72354419c296f1f2293d66) Importer(815301076,1909f56bfc062723c751e8b465ee728b)
Start importing Assets/CartoonSummerBeach/Export/Kit_Fence_01.fbx using Guid(2ed2910b4f72354419c296f1f2293d66) Importer(815301076,1909f56bfc062723c751e8b465ee728b)  -> (artifact id: '8e1573ab3c53f62a8cea7992b4ebdc51') in 0.011487 seconds
Number of updated asset objects reloaded before import = 0
Number of asset objects unloaded after import = 8
========================================================================
Received Import Request.
  Time since last request: 0.000023 seconds.
  path: Assets/CartoonSummerBeach/Export/Kit_RoofTop_1x2.FBX
  artifactKey: Guid(85d82ca9000630e4892d31d93ead74c0) Importer(815301076,1909f56bfc062723c751e8b465ee728b)
Start importing Assets/CartoonSummerBeach/Export/Kit_RoofTop_1x2.FBX using Guid(85d82ca9000630e4892d31d93ead74c0) Importer(815301076,1909f56bfc062723c751e8b465ee728b)  -> (artifact id: '8d07bd85bf514407a8fd74797dcc9bfa') in 0.011333 seconds
Number of updated asset objects reloaded before import = 0
Number of asset objects unloaded after import = 8
========================================================================
Received Import Request.
  Time since last request: 0.000016 seconds.
  path: Assets/CartoonSummerBeach/Export/Lighthouse_01.fbx
  artifactKey: Guid(65e4e958b39c9324cbd70d25f92bb092) Importer(815301076,1909f56bfc062723c751e8b465ee728b)
Start importing Assets/CartoonSummerBeach/Export/Lighthouse_01.fbx using Guid(65e4e958b39c9324cbd70d25f92bb092) Importer(815301076,1909f56bfc062723c751e8b465ee728b)  -> (artifact id: 'de7aecbeb831c5d6ae5c748aa9ab9e72') in 0.019112 seconds
Number of updated asset objects reloaded before import = 0
Number of asset objects unloaded after import = 8
========================================================================
Received Import Request.
  Time since last request: 0.000020 seconds.
  path: Assets/CartoonSummerBeach/Export/Plank_03.fbx
  artifactKey: Guid(8161240206480e842bfc29dd3535196f) Importer(815301076,1909f56bfc062723c751e8b465ee728b)
Start importing Assets/CartoonSummerBeach/Export/Plank_03.fbx using Guid(8161240206480e842bfc29dd3535196f) Importer(815301076,1909f56bfc062723c751e8b465ee728b)  -> (artifact id: '53f86f6eccd207e3ffaf8f494974f3ea') in 0.019662 seconds
Number of updated asset objects reloaded before import = 0
Number of asset objects unloaded after import = 8
========================================================================
Received Import Request.
  Time since last request: 0.000043 seconds.
  path: Assets/CartoonSummerBeach/Export/PalmTree_02.fbx
  artifactKey: Guid(7c6d549433ded0a4482dff72867c25f5) Importer(815301076,1909f56bfc062723c751e8b465ee728b)
Start importing Assets/CartoonSummerBeach/Export/PalmTree_02.fbx using Guid(7c6d549433ded0a4482dff72867c25f5) Importer(815301076,1909f56bfc062723c751e8b465ee728b)  -> (artifact id: 'd9cf4d3d216981bfd2cc8df2c7e5cb3e') in 0.032251 seconds
Number of updated asset objects reloaded before import = 0
Number of asset objects unloaded after import = 8
========================================================================
Received Import Request.
  Time since last request: 0.000013 seconds.
  path: Assets/CartoonSummerBeach/Export/Kit_Pillar_01.fbx
  artifactKey: Guid(befd815363059434f9ccf81ae2707bc4) Importer(815301076,1909f56bfc062723c751e8b465ee728b)
Start importing Assets/CartoonSummerBeach/Export/Kit_Pillar_01.fbx using Guid(befd815363059434f9ccf81ae2707bc4) Importer(815301076,1909f56bfc062723c751e8b465ee728b)  -> (artifact id: 'b911a76d0188ffa36aebfa4d6cb5a6e7') in 0.010070 seconds
Number of updated asset objects reloaded before import = 0
Number of asset objects unloaded after import = 8
========================================================================
Received Import Request.
  Time since last request: 0.000092 seconds.
  path: Assets/CartoonSummerBeach/Export/Rattan_Mirror_01.fbx
  artifactKey: Guid(d833eaa945e906743ad422a702d3189a) Importer(815301076,1909f56bfc062723c751e8b465ee728b)
Start importing Assets/CartoonSummerBeach/Export/Rattan_Mirror_01.fbx using Guid(d833eaa945e906743ad422a702d3189a) Importer(815301076,1909f56bfc062723c751e8b465ee728b)  -> (artifact id: 'bf3b77ffc2c50569279e620ea02ca66e') in 0.069046 seconds
Number of updated asset objects reloaded before import = 0
Number of asset objects unloaded after import = 8
========================================================================
Received Import Request.
  Time since last request: 0.000016 seconds.
  path: Assets/CartoonSummerBeach/Export/Kit_GroundSide_Right.FBX
  artifactKey: Guid(2b590bab9dbee6c40a876793ef883a25) Importer(815301076,1909f56bfc062723c751e8b465ee728b)
Start importing Assets/CartoonSummerBeach/Export/Kit_GroundSide_Right.FBX using Guid(2b590bab9dbee6c40a876793ef883a25) Importer(815301076,1909f56bfc062723c751e8b465ee728b)  -> (artifact id: 'e41365ca28a9cf921639261c9ca9bc4c') in 0.023356 seconds
Number of updated asset objects reloaded before import = 0
Number of asset objects unloaded after import = 8
========================================================================
Received Import Request.
  Time since last request: 0.000030 seconds.
  path: Assets/CartoonSummerBeach/Export/Rattan_Table_01.fbx
  artifactKey: Guid(8db4f8c713f8ef4468797e6699b2b01e) Importer(815301076,1909f56bfc062723c751e8b465ee728b)
Start importing Assets/CartoonSummerBeach/Export/Rattan_Table_01.fbx using Guid(8db4f8c713f8ef4468797e6699b2b01e) Importer(815301076,1909f56bfc062723c751e8b465ee728b)  -> (artifact id: '86ed5f58f095f9036e5b27c8c805445f') in 0.019305 seconds
Number of updated asset objects reloaded before import = 0
Number of asset objects unloaded after import = 8
========================================================================
Received Import Request.
  Time since last request: 0.000028 seconds.
  path: Assets/CartoonSummerBeach/Export/Rattan_Table_02.fbx
  artifactKey: Guid(3060c61bbfca18744b6ea2b6f5b2e803) Importer(815301076,1909f56bfc062723c751e8b465ee728b)
Start importing Assets/CartoonSummerBeach/Export/Rattan_Table_02.fbx using Guid(3060c61bbfca18744b6ea2b6f5b2e803) Importer(815301076,1909f56bfc062723c751e8b465ee728b)  -> (artifact id: 'a7d7c73f07f9f4f031ffffbaa1f20682') in 0.012646 seconds
Number of updated asset objects reloaded before import = 0
Number of asset objects unloaded after import = 8
========================================================================
Received Import Request.
  Time since last request: 0.000017 seconds.
  path: Assets/CartoonSummerBeach/Export/Rattan_ScreenFolded_01.fbx
  artifactKey: Guid(518656d23666bab428ecb698781b6e87) Importer(815301076,1909f56bfc062723c751e8b465ee728b)
Start importing Assets/CartoonSummerBeach/Export/Rattan_ScreenFolded_01.fbx using Guid(518656d23666bab428ecb698781b6e87) Importer(815301076,1909f56bfc062723c751e8b465ee728b)  -> (artifact id: '0f68f42504885670e740ca29e4658aaa') in 0.017080 seconds
Number of updated asset objects reloaded before import = 0
Number of asset objects unloaded after import = 8
========================================================================
Received Import Request.
  Time since last request: 0.000021 seconds.
  path: Assets/CartoonSummerBeach/Export/Rattan_Armchair_01.fbx
  artifactKey: Guid(dabab398243116445835a69f0ba2f492) Importer(815301076,1909f56bfc062723c751e8b465ee728b)
Start importing Assets/CartoonSummerBeach/Export/Rattan_Armchair_01.fbx using Guid(dabab398243116445835a69f0ba2f492) Importer(815301076,1909f56bfc062723c751e8b465ee728b)  -> (artifact id: '807cb2d57628abf7e810e4767dba7084') in 0.024934 seconds
Number of updated asset objects reloaded before import = 0
Number of asset objects unloaded after import = 8
========================================================================
Received Import Request.
  Time since last request: 0.000019 seconds.
  path: Assets/CartoonSummerBeach/Export/Kit_RoofTop_1x1.FBX
  artifactKey: Guid(51991fde4b60bbe49a0663b7e9898bb8) Importer(815301076,1909f56bfc062723c751e8b465ee728b)
Start importing Assets/CartoonSummerBeach/Export/Kit_RoofTop_1x1.FBX using Guid(51991fde4b60bbe49a0663b7e9898bb8) Importer(815301076,1909f56bfc062723c751e8b465ee728b)  -> (artifact id: 'fd1fb5148bda501f58bc932e262890bc') in 0.025079 seconds
Number of updated asset objects reloaded before import = 0
Number of asset objects unloaded after import = 8
========================================================================
Received Import Request.
  Time since last request: 0.000021 seconds.
  path: Assets/CartoonSummerBeach/Export/Mango_01.fbx
  artifactKey: Guid(c74ca17a7ebcbe3438f2a9f3b9d7bd59) Importer(815301076,1909f56bfc062723c751e8b465ee728b)
Start importing Assets/CartoonSummerBeach/Export/Mango_01.fbx using Guid(c74ca17a7ebcbe3438f2a9f3b9d7bd59) Importer(815301076,1909f56bfc062723c751e8b465ee728b)  -> (artifact id: 'e3264430b15391cbba9cdb441ce566a2') in 0.018324 seconds
Number of updated asset objects reloaded before import = 0
Number of asset objects unloaded after import = 8
========================================================================
Received Import Request.
  Time since last request: 0.000016 seconds.
  path: Assets/CartoonSummerBeach/Export/Rattan_TableLow_02.fbx
  artifactKey: Guid(fc45c8ae5d2ca954da1003a1f65d3c61) Importer(815301076,1909f56bfc062723c751e8b465ee728b)
Start importing Assets/CartoonSummerBeach/Export/Rattan_TableLow_02.fbx using Guid(fc45c8ae5d2ca954da1003a1f65d3c61) Importer(815301076,1909f56bfc062723c751e8b465ee728b)  -> (artifact id: 'bbf2537af088bce3e8a5f28194faa9a3') in 0.075611 seconds
Number of updated asset objects reloaded before import = 0
Number of asset objects unloaded after import = 8
========================================================================
Received Import Request.
  Time since last request: 0.000016 seconds.
  path: Assets/CartoonSummerBeach/Export/Kit_GroundSide_Left.FBX
  artifactKey: Guid(2e25bd0a73bc8c4418b801e3f6932752) Importer(815301076,1909f56bfc062723c751e8b465ee728b)
Start importing Assets/CartoonSummerBeach/Export/Kit_GroundSide_Left.FBX using Guid(2e25bd0a73bc8c4418b801e3f6932752) Importer(815301076,1909f56bfc062723c751e8b465ee728b)  -> (artifact id: '819b33d310ab991dfde668fdd16cee28') in 0.018198 seconds
Number of updated asset objects reloaded before import = 0
Number of asset objects unloaded after import = 8
========================================================================
Received Import Request.
  Time since last request: 0.000020 seconds.
  path: Assets/CartoonSummerBeach/Export/Pineapple_01.fbx
  artifactKey: Guid(454307f42975f5f49aa6d5333e0617b8) Importer(815301076,1909f56bfc062723c751e8b465ee728b)
Start importing Assets/CartoonSummerBeach/Export/Pineapple_01.fbx using Guid(454307f42975f5f49aa6d5333e0617b8) Importer(815301076,1909f56bfc062723c751e8b465ee728b)  -> (artifact id: 'dc872cd0d5c4760e1abb1b623468ad2c') in 0.010423 seconds
Number of updated asset objects reloaded before import = 0
Number of asset objects unloaded after import = 8
========================================================================
Received Import Request.
  Time since last request: 0.000024 seconds.
  path: Assets/CartoonSummerBeach/Export/Rattan_Chair_02.fbx
  artifactKey: Guid(f0e007a41b522514f8ab5292e64a5bf4) Importer(815301076,1909f56bfc062723c751e8b465ee728b)
Start importing Assets/CartoonSummerBeach/Export/Rattan_Chair_02.fbx using Guid(f0e007a41b522514f8ab5292e64a5bf4) Importer(815301076,1909f56bfc062723c751e8b465ee728b)  -> (artifact id: 'a99eb731ae00ca5b669a79b114803ad1') in 0.010190 seconds
Number of updated asset objects reloaded before import = 0
Number of asset objects unloaded after import = 8
========================================================================
Received Import Request.
  Time since last request: 0.000014 seconds.
  path: Assets/CartoonSummerBeach/Export/Rattan_Screen_01.fbx
  artifactKey: Guid(3225469266f5330408181e8646d6e664) Importer(815301076,1909f56bfc062723c751e8b465ee728b)
Start importing Assets/CartoonSummerBeach/Export/Rattan_Screen_01.fbx using Guid(3225469266f5330408181e8646d6e664) Importer(815301076,1909f56bfc062723c751e8b465ee728b)  -> (artifact id: 'e31cfa4d53544334f8053d22b1a4189e') in 0.009928 seconds
Number of updated asset objects reloaded before import = 0
Number of asset objects unloaded after import = 8
========================================================================
Received Import Request.
  Time since last request: 0.000017 seconds.
  path: Assets/CartoonSummerBeach/Export/Rattan_Sofa_01.fbx
  artifactKey: Guid(34db09da66859ec45b6e61d6f64e904b) Importer(815301076,1909f56bfc062723c751e8b465ee728b)
Start importing Assets/CartoonSummerBeach/Export/Rattan_Sofa_01.fbx using Guid(34db09da66859ec45b6e61d6f64e904b) Importer(815301076,1909f56bfc062723c751e8b465ee728b)  -> (artifact id: '71c3d63b057c66c89731a236d42804c9') in 0.013133 seconds
Number of updated asset objects reloaded before import = 0
Number of asset objects unloaded after import = 8
========================================================================
Received Import Request.
  Time since last request: 2.537061 seconds.
  path: Assets/TextMesh Pro/Resources/Fonts & Materials/LiberationSans SDF - Drop Shadow.mat
  artifactKey: Guid(e73a58f6e2794ae7b1b7e50b7fb811b0) Importer(815301076,1909f56bfc062723c751e8b465ee728b)
Start importing Assets/TextMesh Pro/Resources/Fonts & Materials/LiberationSans SDF - Drop Shadow.mat using Guid(e73a58f6e2794ae7b1b7e50b7fb811b0) Importer(815301076,1909f56bfc062723c751e8b465ee728b)  -> (artifact id: '04b194ecee76490698e541250d54f75f') in 1.243151 seconds
Number of updated asset objects reloaded before import = 0
Number of asset objects unloaded after import = 2
========================================================================
Received Import Request.
  Time since last request: 38.826335 seconds.
  path: Assets/CartoonSummerBeach/Prefab/SmallProps/Ball_03.prefab
  artifactKey: Guid(4ee24a505a018f5418d89c0da1bd609d) Importer(815301076,1909f56bfc062723c751e8b465ee728b)
Start importing Assets/CartoonSummerBeach/Prefab/SmallProps/Ball_03.prefab using Guid(4ee24a505a018f5418d89c0da1bd609d) Importer(815301076,1909f56bfc062723c751e8b465ee728b)  -> (artifact id: '994ef9af538840f4b42d326ee8cb5de9') in 0.014179 seconds
Number of updated asset objects reloaded before import = 0
Number of asset objects unloaded after import = 10
========================================================================
Received Import Request.
  Time since last request: 0.023478 seconds.
  path: Assets/CartoonSummerBeach/Prefab/SmallProps/Ball_05.prefab
  artifactKey: Guid(796cec11ce405ba44b8d626a11a7aed0) Importer(815301076,1909f56bfc062723c751e8b465ee728b)
Start importing Assets/CartoonSummerBeach/Prefab/SmallProps/Ball_05.prefab using Guid(796cec11ce405ba44b8d626a11a7aed0) Importer(815301076,1909f56bfc062723c751e8b465ee728b)  -> (artifact id: '60f567f46b05a9f783a6504f5aa81844') in 0.059675 seconds
Number of updated asset objects reloaded before import = 0
Number of asset objects unloaded after import = 10
========================================================================
Received Import Request.
  Time since last request: 0.042775 seconds.
  path: Assets/CartoonSummerBeach/Prefab/Bamboo/Bamboo_ArmChair_02.prefab
  artifactKey: Guid(072c254242cea8848a2772f0b5757bb3) Importer(815301076,1909f56bfc062723c751e8b465ee728b)
Start importing Assets/CartoonSummerBeach/Prefab/Bamboo/Bamboo_ArmChair_02.prefab using Guid(072c254242cea8848a2772f0b5757bb3) Importer(815301076,1909f56bfc062723c751e8b465ee728b)  -> (artifact id: '9e0fea26540fbf8ab09abd91614cf62c') in 0.080116 seconds
Number of updated asset objects reloaded before import = 0
Number of asset objects unloaded after import = 10
========================================================================
Received Import Request.
  Time since last request: 0.043508 seconds.
  path: Assets/CartoonSummerBeach/Prefab/Bamboo/Bamboo_Chair_02.prefab
  artifactKey: Guid(a4f0fb47016be15499600534cec48187) Importer(815301076,1909f56bfc062723c751e8b465ee728b)
Start importing Assets/CartoonSummerBeach/Prefab/Bamboo/Bamboo_Chair_02.prefab using Guid(a4f0fb47016be15499600534cec48187) Importer(815301076,1909f56bfc062723c751e8b465ee728b)  -> (artifact id: '4b4fc05de544f5969e103cc83b2575fe') in 0.006370 seconds
Number of updated asset objects reloaded before import = 0
Number of asset objects unloaded after import = 10
========================================================================
Received Import Request.
  Time since last request: 0.023213 seconds.
  path: Assets/CartoonSummerBeach/Prefab/Bamboo/Bamboo_Mirror_01.prefab
  artifactKey: Guid(515a05886ac047041b05252d716449d5) Importer(815301076,1909f56bfc062723c751e8b465ee728b)
Start importing Assets/CartoonSummerBeach/Prefab/Bamboo/Bamboo_Mirror_01.prefab using Guid(515a05886ac047041b05252d716449d5) Importer(815301076,1909f56bfc062723c751e8b465ee728b)  -> (artifact id: '51d677741808efbdb986d8c9d27f12b3') in 0.006196 seconds
Number of updated asset objects reloaded before import = 0
Number of asset objects unloaded after import = 9
========================================================================
Received Import Request.
  Time since last request: 0.060178 seconds.
  path: Assets/CartoonSummerBeach/Prefab/Bamboo/Bamboo_Sink_01.prefab
  artifactKey: Guid(c83405d9b5287d349ae0f251bcb84a1a) Importer(815301076,1909f56bfc062723c751e8b465ee728b)
Start importing Assets/CartoonSummerBeach/Prefab/Bamboo/Bamboo_Sink_01.prefab using Guid(c83405d9b5287d349ae0f251bcb84a1a) Importer(815301076,1909f56bfc062723c751e8b465ee728b)  -> (artifact id: '1ce4b256b2fa28a6e8e3d57330dfcf2f') in 0.025729 seconds
Number of updated asset objects reloaded before import = 0
Number of asset objects unloaded after import = 10
========================================================================
Received Import Request.
  Time since last request: 0.044381 seconds.
  path: Assets/CartoonSummerBeach/Prefab/Bamboo/Bamboo_Table_01.prefab
  artifactKey: Guid(2f91c49aa2052cd4ea349f6f8da45361) Importer(815301076,1909f56bfc062723c751e8b465ee728b)
Start importing Assets/CartoonSummerBeach/Prefab/Bamboo/Bamboo_Table_01.prefab using Guid(2f91c49aa2052cd4ea349f6f8da45361) Importer(815301076,1909f56bfc062723c751e8b465ee728b)  -> (artifact id: 'dbef438a0a59d655a0b5cc2778f50a68') in 0.011339 seconds
Number of updated asset objects reloaded before import = 0
Number of asset objects unloaded after import = 10
========================================================================
Received Import Request.
  Time since last request: 0.000150 seconds.
  path: Assets/CartoonSummerBeach/Prefab/Bamboo/Bamboo_TableLow_01.prefab
  artifactKey: Guid(4b7436a3d6116044fbfbe9392bd14b9c) Importer(815301076,1909f56bfc062723c751e8b465ee728b)
Start importing Assets/CartoonSummerBeach/Prefab/Bamboo/Bamboo_TableLow_01.prefab using Guid(4b7436a3d6116044fbfbe9392bd14b9c) Importer(815301076,1909f56bfc062723c751e8b465ee728b)  -> (artifact id: '11b7157dd25ab18858cc04766bdea8df') in 0.007094 seconds
Number of updated asset objects reloaded before import = 0
Number of asset objects unloaded after import = 10
========================================================================
Received Import Request.
  Time since last request: 0.036308 seconds.
  path: Assets/CartoonSummerBeach/Prefab/Props/Boat_02.prefab
  artifactKey: Guid(17a39b4d4cc974c4d9514102553ad4d2) Importer(815301076,1909f56bfc062723c751e8b465ee728b)
Start importing Assets/CartoonSummerBeach/Prefab/Props/Boat_02.prefab using Guid(17a39b4d4cc974c4d9514102553ad4d2) Importer(815301076,1909f56bfc062723c751e8b465ee728b)  -> (artifact id: 'de5a1478b4ae7a01b872b96c3ff2362e') in 0.007228 seconds
Number of updated asset objects reloaded before import = 0
Number of asset objects unloaded after import = 10
========================================================================
Received Import Request.
  Time since last request: 0.027879 seconds.
  path: Assets/CartoonSummerBeach/Prefab/SmallProps/Bottle_03.prefab
  artifactKey: Guid(1d12a853e5d6d3c4d9c6d820d9eaa13f) Importer(815301076,1909f56bfc062723c751e8b465ee728b)
Start importing Assets/CartoonSummerBeach/Prefab/SmallProps/Bottle_03.prefab using Guid(1d12a853e5d6d3c4d9c6d820d9eaa13f) Importer(815301076,1909f56bfc062723c751e8b465ee728b)  -> (artifact id: '1a04a09877fb694e68fb6f74916a8c5d') in 0.008607 seconds
Number of updated asset objects reloaded before import = 0
Number of asset objects unloaded after import = 9
========================================================================
Received Import Request.
  Time since last request: 0.000990 seconds.
  path: Assets/CartoonSummerBeach/Prefab/SmallProps/Cocktail_01.prefab
  artifactKey: Guid(bcfc4c31ff952d4428ffeebc32a894bb) Importer(815301076,1909f56bfc062723c751e8b465ee728b)
Start importing Assets/CartoonSummerBeach/Prefab/SmallProps/Cocktail_01.prefab using Guid(bcfc4c31ff952d4428ffeebc32a894bb) Importer(815301076,1909f56bfc062723c751e8b465ee728b)  -> (artifact id: 'e580b7cbeeda1263b05dc08225ea56d1') in 0.012505 seconds
Number of updated asset objects reloaded before import = 0
Number of asset objects unloaded after import = 9
========================================================================
Received Import Request.
  Time since last request: 0.005039 seconds.
  path: Assets/CartoonSummerBeach/Prefab/SmallProps/Cocktail_03.prefab
  artifactKey: Guid(de9d21008604ee34496c72f009a05610) Importer(815301076,1909f56bfc062723c751e8b465ee728b)
Start importing Assets/CartoonSummerBeach/Prefab/SmallProps/Cocktail_03.prefab using Guid(de9d21008604ee34496c72f009a05610) Importer(815301076,1909f56bfc062723c751e8b465ee728b)  -> (artifact id: 'e88d66b9283fc953cc9d926803b51230') in 0.019950 seconds
Number of updated asset objects reloaded before import = 0
Number of asset objects unloaded after import = 9
========================================================================
Received Import Request.
  Time since last request: 0.000900 seconds.
  path: Assets/CartoonSummerBeach/Prefab/SmallProps/Cocktail_05.prefab
  artifactKey: Guid(4da883f8ccb2dc940ba2050fefb41251) Importer(815301076,1909f56bfc062723c751e8b465ee728b)
Start importing Assets/CartoonSummerBeach/Prefab/SmallProps/Cocktail_05.prefab using Guid(4da883f8ccb2dc940ba2050fefb41251) Importer(815301076,1909f56bfc062723c751e8b465ee728b)  -> (artifact id: '089d23e2b0cdcdc50edb55e267b74786') in 0.013654 seconds
Number of updated asset objects reloaded before import = 0
Number of asset objects unloaded after import = 9
========================================================================
Received Import Request.
  Time since last request: 0.000807 seconds.
  path: Assets/CartoonSummerBeach/Prefab/SmallProps/Coconut_01.prefab
  artifactKey: Guid(c989b9f5bb70ddc4d9e2df3051f598fb) Importer(815301076,1909f56bfc062723c751e8b465ee728b)
Start importing Assets/CartoonSummerBeach/Prefab/SmallProps/Coconut_01.prefab using Guid(c989b9f5bb70ddc4d9e2df3051f598fb) Importer(815301076,1909f56bfc062723c751e8b465ee728b)  -> (artifact id: '17c1e47b1c68623ca31502f28bffe263') in 0.010435 seconds
Number of updated asset objects reloaded before import = 0
Number of asset objects unloaded after import = 9
========================================================================
Received Import Request.
  Time since last request: 0.028757 seconds.
  path: Assets/CartoonSummerBeach/Prefab/Props/Deck_02.prefab
  artifactKey: Guid(772d66246185f134a8cbc2b2dd538693) Importer(815301076,1909f56bfc062723c751e8b465ee728b)
Start importing Assets/CartoonSummerBeach/Prefab/Props/Deck_02.prefab using Guid(772d66246185f134a8cbc2b2dd538693) Importer(815301076,1909f56bfc062723c751e8b465ee728b)  -> (artifact id: '8c2deace963f54a0e90520fdf48b01e4') in 0.021943 seconds
Number of updated asset objects reloaded before import = 0
Number of asset objects unloaded after import = 10
========================================================================
Received Import Request.
  Time since last request: 0.015155 seconds.
  path: Assets/CartoonSummerBeach/Prefab/Props/Fence_02.prefab
  artifactKey: Guid(db1a0a6ef3e5af247b0e918760f60ea3) Importer(815301076,1909f56bfc062723c751e8b465ee728b)
Start importing Assets/CartoonSummerBeach/Prefab/Props/Fence_02.prefab using Guid(db1a0a6ef3e5af247b0e918760f60ea3) Importer(815301076,1909f56bfc062723c751e8b465ee728b)  -> (artifact id: 'b6e0ec1bd3e8ba83d93a7c60416468b6') in 0.015755 seconds
Number of updated asset objects reloaded before import = 0
Number of asset objects unloaded after import = 10
========================================================================
Received Import Request.
  Time since last request: 0.070693 seconds.
  path: Assets/CartoonSummerBeach/Prefab/SmallProps/FlowerPot_01.prefab
  artifactKey: Guid(0a7f3a090bdec9e4b94394028a3801ce) Importer(815301076,1909f56bfc062723c751e8b465ee728b)
Start importing Assets/CartoonSummerBeach/Prefab/SmallProps/FlowerPot_01.prefab using Guid(0a7f3a090bdec9e4b94394028a3801ce) Importer(815301076,1909f56bfc062723c751e8b465ee728b)  -> (artifact id: '866b0888226a4714804ebda02f91108b') in 0.015904 seconds
Number of updated asset objects reloaded before import = 0
Number of asset objects unloaded after import = 10
========================================================================
Received Import Request.
  Time since last request: 0.007887 seconds.
  path: Assets/CartoonSummerBeach/Prefab/SmallProps/FlowerPot_05.prefab
  artifactKey: Guid(536d5f2e6921fd241bc317af26ce2bcb) Importer(815301076,1909f56bfc062723c751e8b465ee728b)
Start importing Assets/CartoonSummerBeach/Prefab/SmallProps/FlowerPot_05.prefab using Guid(536d5f2e6921fd241bc317af26ce2bcb) Importer(815301076,1909f56bfc062723c751e8b465ee728b)  -> (artifact id: '950a76c87043d6c3e1077e846bc7c754') in 0.007164 seconds
Number of updated asset objects reloaded before import = 0
Number of asset objects unloaded after import = 10
========================================================================
Received Import Request.
  Time since last request: 2.164095 seconds.
  path: Assets/CartoonSummerBeach/Prefab/SmallProps/IceCream_02.prefab
  artifactKey: Guid(96c1ec815e179ef4f952babd96ca941f) Importer(815301076,1909f56bfc062723c751e8b465ee728b)
Start importing Assets/CartoonSummerBeach/Prefab/SmallProps/IceCream_02.prefab using Guid(96c1ec815e179ef4f952babd96ca941f) Importer(815301076,1909f56bfc062723c751e8b465ee728b)  -> (artifact id: '5113afc88ed69c973a55a298f8b41f20') in 0.012807 seconds
Number of updated asset objects reloaded before import = 0
Number of asset objects unloaded after import = 9
========================================================================
Received Import Request.
  Time since last request: 0.012295 seconds.
  path: Assets/CartoonSummerBeach/Prefab/SmallProps/IceCream_05.prefab
  artifactKey: Guid(6bd7adadf9ee53c40aabc73c73f89d47) Importer(815301076,1909f56bfc062723c751e8b465ee728b)
Start importing Assets/CartoonSummerBeach/Prefab/SmallProps/IceCream_05.prefab using Guid(6bd7adadf9ee53c40aabc73c73f89d47) Importer(815301076,1909f56bfc062723c751e8b465ee728b)  -> (artifact id: '2cf05f9e6eff3e09b68ac826438ab6d5') in 0.006741 seconds
Number of updated asset objects reloaded before import = 0
Number of asset objects unloaded after import = 9
========================================================================
Received Import Request.
  Time since last request: 0.005688 seconds.
  path: Assets/CartoonSummerBeach/Prefab/SmallProps/IceCream_07.prefab
  artifactKey: Guid(a73dda27142f0d94a9d08f1ba6b1a8a0) Importer(815301076,1909f56bfc062723c751e8b465ee728b)
Start importing Assets/CartoonSummerBeach/Prefab/SmallProps/IceCream_07.prefab using Guid(a73dda27142f0d94a9d08f1ba6b1a8a0) Importer(815301076,1909f56bfc062723c751e8b465ee728b)  -> (artifact id: '79b9e63de75839e5cc01fbb9a0f7a53a') in 0.006598 seconds
Number of updated asset objects reloaded before import = 0
Number of asset objects unloaded after import = 9
========================================================================
Received Import Request.
  Time since last request: 0.056049 seconds.
  path: Assets/CartoonSummerBeach/Prefab/Huts/Kit/Kit_RoofTop_2x2.prefab
  artifactKey: Guid(5d05ca26664b0a441add6a56b3bfbe87) Importer(815301076,1909f56bfc062723c751e8b465ee728b)
Start importing Assets/CartoonSummerBeach/Prefab/Huts/Kit/Kit_RoofTop_2x2.prefab using Guid(5d05ca26664b0a441add6a56b3bfbe87) Importer(815301076,1909f56bfc062723c751e8b465ee728b)  -> (artifact id: '87df63570c89816b1761703801f6fd77') in 0.009978 seconds
Number of updated asset objects reloaded before import = 0
Number of asset objects unloaded after import = 9
========================================================================
Received Import Request.
  Time since last request: 0.015779 seconds.
  path: Assets/CartoonSummerBeach/Prefab/Props/PalmTree_01.prefab
  artifactKey: Guid(26e732ca9ec552f4cad0f32b258e8e39) Importer(815301076,1909f56bfc062723c751e8b465ee728b)
Start importing Assets/CartoonSummerBeach/Prefab/Props/PalmTree_01.prefab using Guid(26e732ca9ec552f4cad0f32b258e8e39) Importer(815301076,1909f56bfc062723c751e8b465ee728b)  -> (artifact id: 'c58ba57afbbba80a29094f9426018c8d') in 0.006505 seconds
Number of updated asset objects reloaded before import = 0
Number of asset objects unloaded after import = 10
========================================================================
Received Import Request.
  Time since last request: 0.045757 seconds.
  path: Assets/CartoonSummerBeach/Prefab/SmallProps/Pear_01.prefab
  artifactKey: Guid(51590eee452b1094b979c515e23807c1) Importer(815301076,1909f56bfc062723c751e8b465ee728b)
Start importing Assets/CartoonSummerBeach/Prefab/SmallProps/Pear_01.prefab using Guid(51590eee452b1094b979c515e23807c1) Importer(815301076,1909f56bfc062723c751e8b465ee728b)  -> (artifact id: '74f566fa309733a7f1978b648fdf4d12') in 0.007980 seconds
Number of updated asset objects reloaded before import = 0
Number of asset objects unloaded after import = 9
========================================================================
Received Import Request.
  Time since last request: 0.043676 seconds.
  path: Assets/CartoonSummerBeach/Prefab/Props/Plank_03.prefab
  artifactKey: Guid(3cf68533335e8344aa0e491a013656f1) Importer(815301076,1909f56bfc062723c751e8b465ee728b)
Start importing Assets/CartoonSummerBeach/Prefab/Props/Plank_03.prefab using Guid(3cf68533335e8344aa0e491a013656f1) Importer(815301076,1909f56bfc062723c751e8b465ee728b)  -> (artifact id: '1aba181afe1e0fbbd99857fb709b8975') in 0.006320 seconds
Number of updated asset objects reloaded before import = 0
Number of asset objects unloaded after import = 9
========================================================================
Received Import Request.
  Time since last request: 0.028516 seconds.
  path: Assets/CartoonSummerBeach/Prefab/Rattan/Rattan_BeachUnmbrella_01.prefab
  artifactKey: Guid(2dad1383b9a00dc43b32cf135b2431f5) Importer(815301076,1909f56bfc062723c751e8b465ee728b)
Start importing Assets/CartoonSummerBeach/Prefab/Rattan/Rattan_BeachUnmbrella_01.prefab using Guid(2dad1383b9a00dc43b32cf135b2431f5) Importer(815301076,1909f56bfc062723c751e8b465ee728b)  -> (artifact id: '8617c49e5c8b516dc7f49fb18b99e004') in 0.006386 seconds
Number of updated asset objects reloaded before import = 0
Number of asset objects unloaded after import = 10
========================================================================
Received Import Request.
  Time since last request: 0.008502 seconds.
  path: Assets/CartoonSummerBeach/Prefab/Rattan/Rattan_Chair_02.prefab
  artifactKey: Guid(8a9956f6b038a5b44811f05d4fafb605) Importer(815301076,1909f56bfc062723c751e8b465ee728b)
Start importing Assets/CartoonSummerBeach/Prefab/Rattan/Rattan_Chair_02.prefab using Guid(8a9956f6b038a5b44811f05d4fafb605) Importer(815301076,1909f56bfc062723c751e8b465ee728b)  -> (artifact id: '898db5ee25ced56a5fd9fdf2ad59b350') in 0.020280 seconds
Number of updated asset objects reloaded before import = 0
Number of asset objects unloaded after import = 10
========================================================================
Received Import Request.
  Time since last request: 0.000025 seconds.
  path: Assets/CartoonSummerBeach/Prefab/Rattan/Rattan_NightStand_01.prefab
  artifactKey: Guid(55b84d5f2d21bac49ab9325ae010c4f0) Importer(815301076,1909f56bfc062723c751e8b465ee728b)
Start importing Assets/CartoonSummerBeach/Prefab/Rattan/Rattan_NightStand_01.prefab using Guid(55b84d5f2d21bac49ab9325ae010c4f0) Importer(815301076,1909f56bfc062723c751e8b465ee728b)  -> (artifact id: 'd6dc8c59a5874db8d55ac1bf89810eaf') in 0.009197 seconds
Number of updated asset objects reloaded before import = 0
Number of asset objects unloaded after import = 10
========================================================================
Received Import Request.
  Time since last request: 0.022488 seconds.
  path: Assets/CartoonSummerBeach/Prefab/Rattan/Rattan_Sink_01.prefab
  artifactKey: Guid(9bad6dbd506420241987695ee76ce26a) Importer(815301076,1909f56bfc062723c751e8b465ee728b)
Start importing Assets/CartoonSummerBeach/Prefab/Rattan/Rattan_Sink_01.prefab using Guid(9bad6dbd506420241987695ee76ce26a) Importer(815301076,1909f56bfc062723c751e8b465ee728b)  -> (artifact id: 'a0ed31e674f48d753bb52858c04efba3') in 0.008533 seconds
Number of updated asset objects reloaded before import = 0
Number of asset objects unloaded after import = 10
========================================================================
Received Import Request.
  Time since last request: 0.000017 seconds.
  path: Assets/CartoonSummerBeach/Prefab/Rattan/Rattan_Table_01.prefab
  artifactKey: Guid(eaf326c5b45bf0540a7eb9a99008a377) Importer(815301076,1909f56bfc062723c751e8b465ee728b)
Start importing Assets/CartoonSummerBeach/Prefab/Rattan/Rattan_Table_01.prefab using Guid(eaf326c5b45bf0540a7eb9a99008a377) Importer(815301076,1909f56bfc062723c751e8b465ee728b)  -> (artifact id: 'ec0ceac9e8b6b90b15abd82a0b6b5222') in 0.015382 seconds
Number of updated asset objects reloaded before import = 0
Number of asset objects unloaded after import = 10
========================================================================
Received Import Request.
  Time since last request: 0.000971 seconds.
  path: Assets/CartoonSummerBeach/Prefab/Rattan/Rattan_TableLow_01.prefab
  artifactKey: Guid(53b657bf57c724143a2c4f4a13a177ac) Importer(815301076,1909f56bfc062723c751e8b465ee728b)
Start importing Assets/CartoonSummerBeach/Prefab/Rattan/Rattan_TableLow_01.prefab using Guid(53b657bf57c724143a2c4f4a13a177ac) Importer(815301076,1909f56bfc062723c751e8b465ee728b)  -> (artifact id: '5b4594253a9497b54008b41106db3afe') in 0.015111 seconds
Number of updated asset objects reloaded before import = 0
Number of asset objects unloaded after import = 10
========================================================================
Received Import Request.
  Time since last request: 0.008807 seconds.
  path: Assets/CartoonSummerBeach/Prefab/SmallProps/SandCastle_02.prefab
  artifactKey: Guid(5a71ca7c1aabee64f89c20dccc395d11) Importer(815301076,1909f56bfc062723c751e8b465ee728b)
Start importing Assets/CartoonSummerBeach/Prefab/SmallProps/SandCastle_02.prefab using Guid(5a71ca7c1aabee64f89c20dccc395d11) Importer(815301076,1909f56bfc062723c751e8b465ee728b)  -> (artifact id: '82a4400f0f1f5d1178bcce4f49a44e35') in 0.028629 seconds
Number of updated asset objects reloaded before import = 0
Number of asset objects unloaded after import = 10
========================================================================
Received Import Request.
  Time since last request: 0.030490 seconds.
  path: Assets/CartoonSummerBeach/Prefab/SmallProps/SeaShell_03.prefab
  artifactKey: Guid(e323a6e12c7dbe645af5ef07f3d29486) Importer(815301076,1909f56bfc062723c751e8b465ee728b)
Start importing Assets/CartoonSummerBeach/Prefab/SmallProps/SeaShell_03.prefab using Guid(e323a6e12c7dbe645af5ef07f3d29486) Importer(815301076,1909f56bfc062723c751e8b465ee728b)  -> (artifact id: '265841ee6579428d94ff7221efc52026') in 0.006551 seconds
Number of updated asset objects reloaded before import = 0
Number of asset objects unloaded after import = 9
========================================================================
Received Import Request.
  Time since last request: 0.028429 seconds.
  path: Assets/CartoonSummerBeach/FX/Prefab/Torch.prefab
  artifactKey: Guid(75a67f5ffe521a74a9c6a4b31d0b2067) Importer(815301076,1909f56bfc062723c751e8b465ee728b)
Start importing Assets/CartoonSummerBeach/FX/Prefab/Torch.prefab using Guid(75a67f5ffe521a74a9c6a4b31d0b2067) Importer(815301076,1909f56bfc062723c751e8b465ee728b)  -> (artifact id: '20c44ebfedb3387f63a1cf88e04db5f9') in 0.143602 seconds
Number of updated asset objects reloaded before import = 0
Number of asset objects unloaded after import = 14
========================================================================
Received Import Request.
  Time since last request: 0.010720 seconds.
  path: Assets/CartoonSummerBeach/Prefab/SmallProps/Toy_Bucket_01.prefab
  artifactKey: Guid(2bb37a80fc028044dba62ea2645fac61) Importer(815301076,1909f56bfc062723c751e8b465ee728b)
Start importing Assets/CartoonSummerBeach/Prefab/SmallProps/Toy_Bucket_01.prefab using Guid(2bb37a80fc028044dba62ea2645fac61) Importer(815301076,1909f56bfc062723c751e8b465ee728b)  -> (artifact id: '7865ddc20f10ef5a6ea2e9f816647150') in 0.007884 seconds
Number of updated asset objects reloaded before import = 0
Number of asset objects unloaded after import = 10
========================================================================
Received Import Request.
  Time since last request: 0.009737 seconds.
  path: Assets/CartoonSummerBeach/Prefab/SmallProps/Toy_Rake_04.prefab
  artifactKey: Guid(0cf4c3fae76b95a43a02831136027d6d) Importer(815301076,1909f56bfc062723c751e8b465ee728b)
Start importing Assets/CartoonSummerBeach/Prefab/SmallProps/Toy_Rake_04.prefab using Guid(0cf4c3fae76b95a43a02831136027d6d) Importer(815301076,1909f56bfc062723c751e8b465ee728b)  -> (artifact id: '6d034a5c755d2bbe9a06a59ac8512172') in 0.015841 seconds
Number of updated asset objects reloaded before import = 0
Number of asset objects unloaded after import = 9
========================================================================
Received Import Request.
  Time since last request: 0.027724 seconds.
  path: Assets/CartoonSummerBeach/Prefab/SmallProps/Toy_Shovel_01.prefab
  artifactKey: Guid(e46fafe6ca87fef49b1494baa7c40030) Importer(815301076,1909f56bfc062723c751e8b465ee728b)
Start importing Assets/CartoonSummerBeach/Prefab/SmallProps/Toy_Shovel_01.prefab using Guid(e46fafe6ca87fef49b1494baa7c40030) Importer(815301076,1909f56bfc062723c751e8b465ee728b)  -> (artifact id: '16c98a7e3260df740644e2fe4c74c9ba') in 0.007545 seconds
Number of updated asset objects reloaded before import = 0
Number of asset objects unloaded after import = 9
========================================================================
Received Import Request.
  Time since last request: 0.000028 seconds.
  path: Assets/CartoonSummerBeach/Prefab/SmallProps/Toy_Shovel_05.prefab
  artifactKey: Guid(cd6cbc7c7b272ec4ab199006b3da5b05) Importer(815301076,1909f56bfc062723c751e8b465ee728b)
Start importing Assets/CartoonSummerBeach/Prefab/SmallProps/Toy_Shovel_05.prefab using Guid(cd6cbc7c7b272ec4ab199006b3da5b05) Importer(815301076,1909f56bfc062723c751e8b465ee728b)  -> (artifact id: '5abd06f6e72486fe897f0c2a608b0a99') in 0.013926 seconds
Number of updated asset objects reloaded before import = 0
Number of asset objects unloaded after import = 9
========================================================================
Received Import Request.
  Time since last request: 0.000684 seconds.
  path: Assets/CartoonSummerBeach/Prefab/Props/Trash_01.prefab
  artifactKey: Guid(389b9264a73551449909dcf6935a7815) Importer(815301076,1909f56bfc062723c751e8b465ee728b)
Start importing Assets/CartoonSummerBeach/Prefab/Props/Trash_01.prefab using Guid(389b9264a73551449909dcf6935a7815) Importer(815301076,1909f56bfc062723c751e8b465ee728b)  -> (artifact id: 'da481878de3baea406783e3b6b0f2c47') in 0.013252 seconds
Number of updated asset objects reloaded before import = 0
Number of asset objects unloaded after import = 10
========================================================================
Received Import Request.
  Time since last request: 2.297016 seconds.
  path: Assets/CartoonSummerBeach/Prefab/Huts/Kit/Kit_GroundSide_Left.prefab
  artifactKey: Guid(a1607b6ba112b1e49bedf02ad582bf95) Importer(815301076,1909f56bfc062723c751e8b465ee728b)
Start importing Assets/CartoonSummerBeach/Prefab/Huts/Kit/Kit_GroundSide_Left.prefab using Guid(a1607b6ba112b1e49bedf02ad582bf95) Importer(815301076,1909f56bfc062723c751e8b465ee728b)  -> (artifact id: 'f8b7075ab1a3c77061737dd3f78cb7e7') in 0.007074 seconds
Number of updated asset objects reloaded before import = 0
Number of asset objects unloaded after import = 10
========================================================================
Received Import Request.
  Time since last request: 0.043887 seconds.
  path: Assets/CartoonSummerBeach/Prefab/Huts/Kit/Kit_PillarFence_01.prefab
  artifactKey: Guid(51d27256804993546b232c4cde7bcee0) Importer(815301076,1909f56bfc062723c751e8b465ee728b)
Start importing Assets/CartoonSummerBeach/Prefab/Huts/Kit/Kit_PillarFence_01.prefab using Guid(51d27256804993546b232c4cde7bcee0) Importer(815301076,1909f56bfc062723c751e8b465ee728b)  -> (artifact id: '22c57f35b49461179d7a02cf4a0f3f97') in 0.006060 seconds
Number of updated asset objects reloaded before import = 0
Number of asset objects unloaded after import = 10
========================================================================
Received Import Request.
  Time since last request: 0.069774 seconds.
  path: Assets/CartoonSummerBeach/Prefab/Huts/Kit/Kit_RoofTop_1x1.prefab
  artifactKey: Guid(4a9c52203ae493f4c8c4a6b29465c1d3) Importer(815301076,1909f56bfc062723c751e8b465ee728b)
Start importing Assets/CartoonSummerBeach/Prefab/Huts/Kit/Kit_RoofTop_1x1.prefab using Guid(4a9c52203ae493f4c8c4a6b29465c1d3) Importer(815301076,1909f56bfc062723c751e8b465ee728b)  -> (artifact id: 'f055ecc1013724184e67fd8206de0315') in 0.030810 seconds
Number of updated asset objects reloaded before import = 0
Number of asset objects unloaded after import = 9
========================================================================
Received Import Request.
  Time since last request: 0.027555 seconds.
  path: Assets/CartoonSummerBeach/Prefab/SmallProps/IceCream_12.prefab
  artifactKey: Guid(aefb5b4382dd49a4a800175e62e654a3) Importer(815301076,1909f56bfc062723c751e8b465ee728b)
Start importing Assets/CartoonSummerBeach/Prefab/SmallProps/IceCream_12.prefab using Guid(aefb5b4382dd49a4a800175e62e654a3) Importer(815301076,1909f56bfc062723c751e8b465ee728b)  -> (artifact id: '40a43dfeee741442539acbadc4a5fa36') in 0.006910 seconds
Number of updated asset objects reloaded before import = 0
Number of asset objects unloaded after import = 9
========================================================================
Received Import Request.
  Time since last request: 0.030590 seconds.
  path: Assets/CartoonSummerBeach/Prefab/Props/IceCreamBox_01.prefab
  artifactKey: Guid(77f8ebe3a357d5f4b8b823c52fe5f117) Importer(815301076,1909f56bfc062723c751e8b465ee728b)
Start importing Assets/CartoonSummerBeach/Prefab/Props/IceCreamBox_01.prefab using Guid(77f8ebe3a357d5f4b8b823c52fe5f117) Importer(815301076,1909f56bfc062723c751e8b465ee728b)  -> (artifact id: 'df91d4acea212094655495379a862746') in 0.008138 seconds
Number of updated asset objects reloaded before import = 0
Number of asset objects unloaded after import = 10
