Using pre-set license
Built from '2022.3/staging' branch; Version is '2022.3.11f1 (d00248457e15) revision 13632072'; Using compiler version '192829333'; Build Type 'Release'
OS: 'Windows 10  (10.0.19045) 64bit Core' Language: 'pl' Physical Memory: 8134 MB
BatchMode: 1, IsHumanControllingUs: 0, StartBugReporterOnCrash: 0, Is64bit: 1, IsPro: 1

COMMAND LINE ARGUMENTS:
D:\Program Files\2022.3.11f1\Editor\Unity.exe
-adb2
-batchMode
-noUpm
-name
AssetImportWorker1
-projectPath
D:/szkola/tropical-island-game/Game
-logFile
Logs/AssetImportWorker1.log
-srvPort
59011
Successfully changed project path to: D:/szkola/tropical-island-game/Game
D:/szkola/tropical-island-game/Game
[UnityMemory] Configuration Parameters - Can be set up in boot.config
    "memorysetup-bucket-allocator-granularity=16"
    "memorysetup-bucket-allocator-bucket-count=8"
    "memorysetup-bucket-allocator-block-size=33554432"
    "memorysetup-bucket-allocator-block-count=8"
    "memorysetup-main-allocator-block-size=16777216"
    "memorysetup-thread-allocator-block-size=16777216"
    "memorysetup-gfx-main-allocator-block-size=16777216"
    "memorysetup-gfx-thread-allocator-block-size=16777216"
    "memorysetup-cache-allocator-block-size=4194304"
    "memorysetup-typetree-allocator-block-size=2097152"
    "memorysetup-profiler-bucket-allocator-granularity=16"
    "memorysetup-profiler-bucket-allocator-bucket-count=8"
    "memorysetup-profiler-bucket-allocator-block-size=33554432"
    "memorysetup-profiler-bucket-allocator-block-count=8"
    "memorysetup-profiler-allocator-block-size=16777216"
    "memorysetup-profiler-editor-allocator-block-size=1048576"
    "memorysetup-temp-allocator-size-main=16777216"
    "memorysetup-job-temp-allocator-block-size=2097152"
    "memorysetup-job-temp-allocator-block-size-background=1048576"
    "memorysetup-job-temp-allocator-reduction-small-platforms=262144"
    "memorysetup-allocator-temp-initial-block-size-main=262144"
    "memorysetup-allocator-temp-initial-block-size-worker=262144"
    "memorysetup-temp-allocator-size-background-worker=32768"
    "memorysetup-temp-allocator-size-job-worker=262144"
    "memorysetup-temp-allocator-size-preload-manager=33554432"
    "memorysetup-temp-allocator-size-nav-mesh-worker=65536"
    "memorysetup-temp-allocator-size-audio-worker=65536"
    "memorysetup-temp-allocator-size-cloud-worker=32768"
    "memorysetup-temp-allocator-size-gi-baking-worker=262144"
    "memorysetup-temp-allocator-size-gfx=262144"
Player connection [9084] Host "[IP] 192.168.0.11 [Port] 0 [Flags] 2 [Guid] 928851381 [EditorId] 928851381 [Version] 1048832 [Id] WindowsEditor(7,DESKTOP-SO6R3VQ) [Debug] 1 [PackageName] WindowsEditor [ProjectName] Editor" joined multi-casting on [225.0.0.222:54997]...

Player connection [9084] Host "[IP] 192.168.0.11 [Port] 0 [Flags] 2 [Guid] 928851381 [EditorId] 928851381 [Version] 1048832 [Id] WindowsEditor(7,DESKTOP-SO6R3VQ) [Debug] 1 [PackageName] WindowsEditor [ProjectName] Editor" joined alternative multi-casting on [225.0.0.222:34997]...

[Physics::Module] Initialized MultithreadedJobDispatcher with 5 workers.
Refreshing native plugins compatible for Editor in 6.47 ms, found 3 plugins.
Preloading 0 native plugins for Editor in 0.00 ms.
Initialize engine version: 2022.3.11f1 (d00248457e15)
[Subsystems] Discovering subsystems at path D:/Program Files/2022.3.11f1/Editor/Data/Resources/UnitySubsystems
[Subsystems] Discovering subsystems at path D:/szkola/tropical-island-game/Game/Assets
GfxDevice: creating device client; threaded=0; jobified=0
Direct3D:
    Version:  Direct3D 11.0 [level 11.1]
    Renderer: NVIDIA GeForce GTX 1660 (ID=0x2184)
    Vendor:   NVIDIA
    VRAM:     5980 MB
    Driver:   31.0.15.3623
Initialize mono
Mono path[0] = 'D:/Program Files/2022.3.11f1/Editor/Data/Managed'
Mono path[1] = 'D:/Program Files/2022.3.11f1/Editor/Data/MonoBleedingEdge/lib/mono/unityjit-win32'
Mono config path = 'D:/Program Files/2022.3.11f1/Editor/Data/MonoBleedingEdge/etc'
Using monoOptions --debugger-agent=transport=dt_socket,embedding=1,server=y,suspend=n,address=127.0.0.1:56204
Begin MonoManager ReloadAssembly
Registering precompiled unity dll's ...
Register platform support module: D:/Program Files/2022.3.11f1/Editor/Data/PlaybackEngines/WindowsStandaloneSupport/UnityEditor.WindowsStandalone.Extensions.dll
Registered in 0.005567 seconds.
- Loaded All Assemblies, in  0.398 seconds
Native extension for WindowsStandalone target not found
Mono: successfully reloaded assembly
- Finished resetting the current domain, in  0.289 seconds
Domain Reload Profiling: 688ms
	BeginReloadAssembly (126ms)
		ExecutionOrderSort (0ms)
		DisableScriptedObjects (0ms)
		BackupInstance (0ms)
		ReleaseScriptingObjects (0ms)
		CreateAndSetChildDomain (1ms)
	RebuildCommonClasses (36ms)
	RebuildNativeTypeToScriptingClass (12ms)
	initialDomainReloadingComplete (59ms)
	LoadAllAssembliesAndSetupDomain (165ms)
		LoadAssemblies (125ms)
		RebuildTransferFunctionScriptingTraits (0ms)
		AnalyzeDomain (163ms)
			TypeCache.Refresh (161ms)
				TypeCache.ScanAssembly (144ms)
			ScanForSourceGeneratedMonoScriptInfo (0ms)
			ResolveRequiredComponents (1ms)
	FinalizeReload (290ms)
		ReleaseScriptCaches (0ms)
		RebuildScriptCaches (0ms)
		SetupLoadedEditorAssemblies (224ms)
			LogAssemblyErrors (0ms)
			InitializePlatformSupportModulesInManaged (9ms)
			SetLoadedEditorAssemblies (8ms)
			RefreshPlugins (0ms)
			BeforeProcessingInitializeOnLoad (2ms)
			ProcessInitializeOnLoadAttributes (149ms)
			ProcessInitializeOnLoadMethodAttributes (55ms)
			AfterProcessingInitializeOnLoad (0ms)
			EditorAssembliesLoaded (0ms)
		ExecutionOrderSort2 (0ms)
		AwakeInstancesAfterBackupRestoration (0ms)
========================================================================
Worker process is ready to serve import requests
Begin MonoManager ReloadAssembly
- Loaded All Assemblies, in  0.675 seconds
Refreshing native plugins compatible for Editor in 2.34 ms, found 3 plugins.
Native extension for WindowsStandalone target not found
Package Manager log level set to [2]
[Package Manager] Server::EnsureServerProcessIsRunning -- launch failed, reason: Unity was launched with the -noUpm command-line argument
[Package Manager] UpmClient::Send -- Unable to send message (not connected to UPM process).
[Package Manager] Cannot connect to Unity Package Manager local server
Mono: successfully reloaded assembly
- Finished resetting the current domain, in  0.600 seconds
Domain Reload Profiling: 1274ms
	BeginReloadAssembly (169ms)
		ExecutionOrderSort (0ms)
		DisableScriptedObjects (6ms)
		BackupInstance (0ms)
		ReleaseScriptingObjects (0ms)
		CreateAndSetChildDomain (26ms)
	RebuildCommonClasses (37ms)
	RebuildNativeTypeToScriptingClass (12ms)
	initialDomainReloadingComplete (42ms)
	LoadAllAssembliesAndSetupDomain (414ms)
		LoadAssemblies (321ms)
		RebuildTransferFunctionScriptingTraits (0ms)
		AnalyzeDomain (193ms)
			TypeCache.Refresh (170ms)
				TypeCache.ScanAssembly (153ms)
			ScanForSourceGeneratedMonoScriptInfo (16ms)
			ResolveRequiredComponents (4ms)
	FinalizeReload (600ms)
		ReleaseScriptCaches (0ms)
		RebuildScriptCaches (0ms)
		SetupLoadedEditorAssemblies (439ms)
			LogAssemblyErrors (0ms)
			InitializePlatformSupportModulesInManaged (5ms)
			SetLoadedEditorAssemblies (5ms)
			RefreshPlugins (0ms)
			BeforeProcessingInitializeOnLoad (62ms)
			ProcessInitializeOnLoadAttributes (340ms)
			ProcessInitializeOnLoadMethodAttributes (24ms)
			AfterProcessingInitializeOnLoad (3ms)
			EditorAssembliesLoaded (0ms)
		ExecutionOrderSort2 (0ms)
		AwakeInstancesAfterBackupRestoration (9ms)
Launched and connected shader compiler UnityShaderCompiler.exe after 0.05 seconds
Refreshing native plugins compatible for Editor in 2.45 ms, found 3 plugins.
Preloading 0 native plugins for Editor in 0.00 ms.
Unloading 3084 Unused Serialized files (Serialized files now loaded: 0)
Unloading 31 unused Assets / (29.6 KB). Loaded Objects now: 3578.
Memory consumption went from 137.0 MB to 137.0 MB.
Total: 3.742300 ms (FindLiveObjects: 0.359100 ms CreateObjectMapping: 0.266200 ms MarkObjects: 3.012700 ms  DeleteObjects: 0.102400 ms)

AssetImportParameters requested are different than current active one (requested -> active):
  custom:container-demuxer-ogg: 62fdf1f143b41e24485cea50d1cbac27 -> 
  custom:video-decoder-ogg-theora: a1e56fd34408186e4bbccfd4996cb3dc -> 
  custom:framework-win-MediaFoundation: 216162199b28c13a410421893ffa2e32 -> 
  custom:container-demuxer-webm: 4f35f7cbe854078d1ac9338744f61a02 -> 
  custom:container-muxer-webm: aa71ff27fc2769a1b78a27578f13a17b -> 
  custom:video-decoder-webm-vp8: 9c59270c3fd7afecdb556c50c9e8de78 -> 
  custom:AudioImporter_EditorPlatform: d09bf68614088b80899f8185d706f6e7 -> 
  custom:video-encoder-webm-vp8: eb34c28f22e8b96e1ab97ce403110664 -> 
  custom:audio-decoder-ogg-vorbis: bf7c407c2cedff20999df2af8eb42d56 -> 
  custom:audio-encoder-webm-vorbis: bf7c407c2cedff20999df2af8eb42d56 -> 
========================================================================
Received Prepare
Refreshing native plugins compatible for Editor in 2.06 ms, found 3 plugins.
Preloading 0 native plugins for Editor in 0.00 ms.
Unloading 1 Unused Serialized files (Serialized files now loaded: 0)
Unloading 1 unused Assets / (3.0 KB). Loaded Objects now: 3578.
Memory consumption went from 88.5 MB to 88.5 MB.
Total: 2.875200 ms (FindLiveObjects: 0.273400 ms CreateObjectMapping: 0.208200 ms MarkObjects: 2.370700 ms  DeleteObjects: 0.021900 ms)

Prepare: number of updated asset objects reloaded= 0
AssetImportParameters requested are different than current active one (requested -> active):
  custom:container-demuxer-ogg: 62fdf1f143b41e24485cea50d1cbac27 -> 
  custom:video-decoder-ogg-theora: a1e56fd34408186e4bbccfd4996cb3dc -> 
  custom:framework-win-MediaFoundation: 216162199b28c13a410421893ffa2e32 -> 
  custom:CustomObjectIndexerAttribute: 756ad292c208cfabdd7b50bc23989ffe -> 
  custom:container-demuxer-webm: 4f35f7cbe854078d1ac9338744f61a02 -> 
  custom:container-muxer-webm: aa71ff27fc2769a1b78a27578f13a17b -> 
  custom:video-decoder-webm-vp8: 9c59270c3fd7afecdb556c50c9e8de78 -> 
  custom:SearchIndexIgnoredProperties: e643bd26f0fe6173181afceb89e7c659 -> 
  custom:AudioImporter_EditorPlatform: d09bf68614088b80899f8185d706f6e7 -> 
  custom:video-encoder-webm-vp8: eb34c28f22e8b96e1ab97ce403110664 -> 
  custom:audio-decoder-ogg-vorbis: bf7c407c2cedff20999df2af8eb42d56 -> 
  custom:audio-encoder-webm-vorbis: bf7c407c2cedff20999df2af8eb42d56 -> 
========================================================================
Received Import Request.
  Time since last request: 396610.685095 seconds.
  path: Assets/CartoonSummerBeach/Export/Ball_02.fbx
  artifactKey: Guid(8572f6be8701792459e1c2c84e384f8c) Importer(815301076,1909f56bfc062723c751e8b465ee728b)
Start importing Assets/CartoonSummerBeach/Export/Ball_02.fbx using Guid(8572f6be8701792459e1c2c84e384f8c) Importer(815301076,1909f56bfc062723c751e8b465ee728b)  -> (artifact id: 'b0e14ac608659bb3cb69fcca0060fa20') in 0.189266 seconds
Number of updated asset objects reloaded before import = 0
Number of asset objects unloaded after import = 8
========================================================================
Received Import Request.
  Time since last request: 0.000026 seconds.
  path: Assets/CartoonSummerBeach/Export/Boat_01.fbx
  artifactKey: Guid(490d05f21eafa1743943f5c790d887ca) Importer(815301076,1909f56bfc062723c751e8b465ee728b)
Start importing Assets/CartoonSummerBeach/Export/Boat_01.fbx using Guid(490d05f21eafa1743943f5c790d887ca) Importer(815301076,1909f56bfc062723c751e8b465ee728b)  -> (artifact id: '2f62ead327aaad0e682acc3e6daddd97') in 0.013792 seconds
Number of updated asset objects reloaded before import = 0
Number of asset objects unloaded after import = 8
========================================================================
Received Import Request.
  Time since last request: 0.000024 seconds.
  path: Assets/CartoonSummerBeach/Export/Cocktail_04.fbx
  artifactKey: Guid(168ebcf56c9fc704fa162a1912219dff) Importer(815301076,1909f56bfc062723c751e8b465ee728b)
Start importing Assets/CartoonSummerBeach/Export/Cocktail_04.fbx using Guid(168ebcf56c9fc704fa162a1912219dff) Importer(815301076,1909f56bfc062723c751e8b465ee728b)  -> (artifact id: 'fb0e3ccf92c3f220b04ada334f762689') in 0.013608 seconds
Number of updated asset objects reloaded before import = 0
Number of asset objects unloaded after import = 8
========================================================================
Received Import Request.
  Time since last request: 0.000019 seconds.
  path: Assets/CartoonSummerBeach/Export/Bottle_01.fbx
  artifactKey: Guid(6299065d48e679548b50b6abc707211b) Importer(815301076,1909f56bfc062723c751e8b465ee728b)
Start importing Assets/CartoonSummerBeach/Export/Bottle_01.fbx using Guid(6299065d48e679548b50b6abc707211b) Importer(815301076,1909f56bfc062723c751e8b465ee728b)  -> (artifact id: '64aa7215b9e703e00cc352595b8ab6cc') in 0.015589 seconds
Number of updated asset objects reloaded before import = 0
Number of asset objects unloaded after import = 8
========================================================================
Received Import Request.
  Time since last request: 0.000017 seconds.
  path: Assets/CartoonSummerBeach/Export/Cocktail_05.fbx
  artifactKey: Guid(053dac3881e041c4596e9116eaab9386) Importer(815301076,1909f56bfc062723c751e8b465ee728b)
Start importing Assets/CartoonSummerBeach/Export/Cocktail_05.fbx using Guid(053dac3881e041c4596e9116eaab9386) Importer(815301076,1909f56bfc062723c751e8b465ee728b)  -> (artifact id: '029e64a898dcfceb2a7ff0b0fbe5998f') in 0.012613 seconds
Number of updated asset objects reloaded before import = 0
Number of asset objects unloaded after import = 8
========================================================================
Received Import Request.
  Time since last request: 0.000014 seconds.
  path: Assets/CartoonSummerBeach/Export/Crate_01.fbx
  artifactKey: Guid(7ecf5d31eb91d12419e4f38e711bf3d9) Importer(815301076,1909f56bfc062723c751e8b465ee728b)
Start importing Assets/CartoonSummerBeach/Export/Crate_01.fbx using Guid(7ecf5d31eb91d12419e4f38e711bf3d9) Importer(815301076,1909f56bfc062723c751e8b465ee728b)  -> (artifact id: 'd893d7caa3e5df48e2a1fd113cd7af23') in 0.019026 seconds
Number of updated asset objects reloaded before import = 0
Number of asset objects unloaded after import = 8
========================================================================
Received Import Request.
  Time since last request: 0.000014 seconds.
  path: Assets/CartoonSummerBeach/Export/Bamboo_Table_02.fbx
  artifactKey: Guid(93451b079dcf6224e9051fcfdeb7863d) Importer(815301076,1909f56bfc062723c751e8b465ee728b)
Start importing Assets/CartoonSummerBeach/Export/Bamboo_Table_02.fbx using Guid(93451b079dcf6224e9051fcfdeb7863d) Importer(815301076,1909f56bfc062723c751e8b465ee728b)  -> (artifact id: 'a74d40be5b157edb1770949f773c7f9a') in 0.013915 seconds
Number of updated asset objects reloaded before import = 0
Number of asset objects unloaded after import = 8
========================================================================
Received Import Request.
  Time since last request: 0.000017 seconds.
  path: Assets/CartoonSummerBeach/Export/Bamboo_Sofa_02.fbx
  artifactKey: Guid(b0a3834d66c085c42bbdf5c4d9b8a118) Importer(815301076,1909f56bfc062723c751e8b465ee728b)
Start importing Assets/CartoonSummerBeach/Export/Bamboo_Sofa_02.fbx using Guid(b0a3834d66c085c42bbdf5c4d9b8a118) Importer(815301076,1909f56bfc062723c751e8b465ee728b)  -> (artifact id: 'b824d0ec66ba42c51c15f98de50969e2') in 0.014337 seconds
Number of updated asset objects reloaded before import = 0
Number of asset objects unloaded after import = 8
========================================================================
Received Import Request.
  Time since last request: 0.000017 seconds.
  path: Assets/CartoonSummerBeach/Export/Bamboo_Bar_01.fbx
  artifactKey: Guid(aa237f8212716a9419b3f65dca1208a9) Importer(815301076,1909f56bfc062723c751e8b465ee728b)
Start importing Assets/CartoonSummerBeach/Export/Bamboo_Bar_01.fbx using Guid(aa237f8212716a9419b3f65dca1208a9) Importer(815301076,1909f56bfc062723c751e8b465ee728b)  -> (artifact id: '85371308308f7d1c79dbb416f898dd0e') in 0.015526 seconds
Number of updated asset objects reloaded before import = 0
Number of asset objects unloaded after import = 9
========================================================================
Received Import Request.
  Time since last request: 0.000017 seconds.
  path: Assets/CartoonSummerBeach/Export/Ball_05.fbx
  artifactKey: Guid(0e3cabdd24a32734ca6162f4189bbcf4) Importer(815301076,1909f56bfc062723c751e8b465ee728b)
Start importing Assets/CartoonSummerBeach/Export/Ball_05.fbx using Guid(0e3cabdd24a32734ca6162f4189bbcf4) Importer(815301076,1909f56bfc062723c751e8b465ee728b)  -> (artifact id: '7726b8395071e28f2c35a135212cf055') in 0.014005 seconds
Number of updated asset objects reloaded before import = 0
Number of asset objects unloaded after import = 8
========================================================================
Received Import Request.
  Time since last request: 0.000020 seconds.
  path: Assets/CartoonSummerBeach/Export/Bamboo_Bed_01.fbx
  artifactKey: Guid(8e4c359d486e23945ad6961b21bae296) Importer(815301076,1909f56bfc062723c751e8b465ee728b)
Start importing Assets/CartoonSummerBeach/Export/Bamboo_Bed_01.fbx using Guid(8e4c359d486e23945ad6961b21bae296) Importer(815301076,1909f56bfc062723c751e8b465ee728b)  -> (artifact id: '9de9a359366b817df8ef63648fb607ba') in 0.015195 seconds
Number of updated asset objects reloaded before import = 0
Number of asset objects unloaded after import = 8
========================================================================
Received Import Request.
  Time since last request: 0.000018 seconds.
  path: Assets/CartoonSummerBeach/Export/Deck_02.fbx
  artifactKey: Guid(6399df920b64e554cae52e460dd56dcc) Importer(815301076,1909f56bfc062723c751e8b465ee728b)
Start importing Assets/CartoonSummerBeach/Export/Deck_02.fbx using Guid(6399df920b64e554cae52e460dd56dcc) Importer(815301076,1909f56bfc062723c751e8b465ee728b)  -> (artifact id: '28e4094dadefd39379890a06f454d935') in 0.017490 seconds
Number of updated asset objects reloaded before import = 0
Number of asset objects unloaded after import = 8
========================================================================
Received Import Request.
  Time since last request: 0.000015 seconds.
  path: Assets/CartoonSummerBeach/Export/IceCream_01.fbx
  artifactKey: Guid(ff49ae0cb7aa48645a4ea1b4eda738be) Importer(815301076,1909f56bfc062723c751e8b465ee728b)
Start importing Assets/CartoonSummerBeach/Export/IceCream_01.fbx using Guid(ff49ae0cb7aa48645a4ea1b4eda738be) Importer(815301076,1909f56bfc062723c751e8b465ee728b)  -> (artifact id: '0f9ed0accbd397fcf6c8888f7ed36da3') in 0.015866 seconds
Number of updated asset objects reloaded before import = 0
Number of asset objects unloaded after import = 8
========================================================================
Received Import Request.
  Time since last request: 0.000016 seconds.
  path: Assets/CartoonSummerBeach/Export/IceCream_06.fbx
  artifactKey: Guid(e39dba94a7b823245ad61a792ebbe255) Importer(815301076,1909f56bfc062723c751e8b465ee728b)
Start importing Assets/CartoonSummerBeach/Export/IceCream_06.fbx using Guid(e39dba94a7b823245ad61a792ebbe255) Importer(815301076,1909f56bfc062723c751e8b465ee728b)  -> (artifact id: '2f916894eb428f65e52d70165916a868') in 0.015511 seconds
Number of updated asset objects reloaded before import = 0
Number of asset objects unloaded after import = 8
========================================================================
Received Import Request.
  Time since last request: 0.000019 seconds.
  path: Assets/CartoonSummerBeach/Export/Bamboo_Plant_01.fbx
  artifactKey: Guid(1234716213ab025429fe2c36dfa57a4d) Importer(815301076,1909f56bfc062723c751e8b465ee728b)
Start importing Assets/CartoonSummerBeach/Export/Bamboo_Plant_01.fbx using Guid(1234716213ab025429fe2c36dfa57a4d) Importer(815301076,1909f56bfc062723c751e8b465ee728b)  -> (artifact id: '345fd937bcc4e4cb2e54c84dec8fba85') in 0.016414 seconds
Number of updated asset objects reloaded before import = 0
Number of asset objects unloaded after import = 8
========================================================================
Received Import Request.
  Time since last request: 0.000019 seconds.
  path: Assets/CartoonSummerBeach/Export/Cocktail_06.fbx
  artifactKey: Guid(985209f7fab3219498f7c6470d6beec1) Importer(815301076,1909f56bfc062723c751e8b465ee728b)
Start importing Assets/CartoonSummerBeach/Export/Cocktail_06.fbx using Guid(985209f7fab3219498f7c6470d6beec1) Importer(815301076,1909f56bfc062723c751e8b465ee728b)  -> (artifact id: 'a1ffb651412a1aefc20bfe8244bcf07a') in 0.019595 seconds
Number of updated asset objects reloaded before import = 0
Number of asset objects unloaded after import = 8
========================================================================
Received Import Request.
  Time since last request: 0.000018 seconds.
  path: Assets/CartoonSummerBeach/Export/IceCream_08.fbx
  artifactKey: Guid(df54c777ac05793458e218899186787c) Importer(815301076,1909f56bfc062723c751e8b465ee728b)
Start importing Assets/CartoonSummerBeach/Export/IceCream_08.fbx using Guid(df54c777ac05793458e218899186787c) Importer(815301076,1909f56bfc062723c751e8b465ee728b)  -> (artifact id: '5ecd1da4d60bcd2d5786db4d822b931a') in 0.017475 seconds
Number of updated asset objects reloaded before import = 0
Number of asset objects unloaded after import = 8
========================================================================
Received Import Request.
  Time since last request: 0.000026 seconds.
  path: Assets/CartoonSummerBeach/Export/Bamboo_TableLow_01.fbx
  artifactKey: Guid(9670db1138db3e34390823cc3f22dfa0) Importer(815301076,1909f56bfc062723c751e8b465ee728b)
Start importing Assets/CartoonSummerBeach/Export/Bamboo_TableLow_01.fbx using Guid(9670db1138db3e34390823cc3f22dfa0) Importer(815301076,1909f56bfc062723c751e8b465ee728b)  -> (artifact id: 'bba653b9bab22bbc8bac3d91ac7f2085') in 0.014866 seconds
Number of updated asset objects reloaded before import = 0
Number of asset objects unloaded after import = 8
========================================================================
Received Import Request.
  Time since last request: 0.000089 seconds.
  path: Assets/CartoonSummerBeach/Export/FlowerPot_04.fbx
  artifactKey: Guid(f657924b854999c44a383d2f46dc9e3c) Importer(815301076,1909f56bfc062723c751e8b465ee728b)
Start importing Assets/CartoonSummerBeach/Export/FlowerPot_04.fbx using Guid(f657924b854999c44a383d2f46dc9e3c) Importer(815301076,1909f56bfc062723c751e8b465ee728b)  -> (artifact id: 'c2872254141cdac51ae1db49309d3132') in 0.018332 seconds
Number of updated asset objects reloaded before import = 0
Number of asset objects unloaded after import = 8
========================================================================
Received Import Request.
  Time since last request: 0.000023 seconds.
  path: Assets/CartoonSummerBeach/Export/Bamboo_Shelf_01.fbx
  artifactKey: Guid(590e1f3a7297876468fc5f40460a12ff) Importer(815301076,1909f56bfc062723c751e8b465ee728b)
Start importing Assets/CartoonSummerBeach/Export/Bamboo_Shelf_01.fbx using Guid(590e1f3a7297876468fc5f40460a12ff) Importer(815301076,1909f56bfc062723c751e8b465ee728b)  -> (artifact id: '0d1a08e69b32d1d4a646b686b5441317') in 0.027241 seconds
Number of updated asset objects reloaded before import = 0
Number of asset objects unloaded after import = 8
========================================================================
Received Import Request.
  Time since last request: 0.000126 seconds.
  path: Assets/CartoonSummerBeach/Export/FlowerPot_02.fbx
  artifactKey: Guid(f1d2437ae43149c409951a05b1307d18) Importer(815301076,1909f56bfc062723c751e8b465ee728b)
Start importing Assets/CartoonSummerBeach/Export/FlowerPot_02.fbx using Guid(f1d2437ae43149c409951a05b1307d18) Importer(815301076,1909f56bfc062723c751e8b465ee728b)  -> (artifact id: '49767e75cbbe8fe8337a20cb957d0db5') in 0.021654 seconds
Number of updated asset objects reloaded before import = 0
Number of asset objects unloaded after import = 8
========================================================================
Received Import Request.
  Time since last request: 0.000021 seconds.
  path: Assets/CartoonSummerBeach/Export/HutHigh_01.fbx
  artifactKey: Guid(c68a2538dd0e2b143a4b8d2c8a021bc8) Importer(815301076,1909f56bfc062723c751e8b465ee728b)
Start importing Assets/CartoonSummerBeach/Export/HutHigh_01.fbx using Guid(c68a2538dd0e2b143a4b8d2c8a021bc8) Importer(815301076,1909f56bfc062723c751e8b465ee728b)  -> (artifact id: '40f6413a0e4f265aa6b8e161aeb01a1a') in 0.013192 seconds
Number of updated asset objects reloaded before import = 0
Number of asset objects unloaded after import = 8
========================================================================
Received Import Request.
  Time since last request: 0.000022 seconds.
  path: Assets/CartoonSummerBeach/Export/IceCream_07.fbx
  artifactKey: Guid(a8b7f4e16d82b224fb906dbf6f58d105) Importer(815301076,1909f56bfc062723c751e8b465ee728b)
Start importing Assets/CartoonSummerBeach/Export/IceCream_07.fbx using Guid(a8b7f4e16d82b224fb906dbf6f58d105) Importer(815301076,1909f56bfc062723c751e8b465ee728b)  -> (artifact id: '6e3b5d70110da13ff6ae5a1201c4e949') in 0.012117 seconds
Number of updated asset objects reloaded before import = 0
Number of asset objects unloaded after import = 8
========================================================================
Received Import Request.
  Time since last request: 0.000016 seconds.
  path: Assets/CartoonSummerBeach/Export/Cocktail_07.fbx
  artifactKey: Guid(5247d520ce155fc4cbfce13d9694809e) Importer(815301076,1909f56bfc062723c751e8b465ee728b)
Start importing Assets/CartoonSummerBeach/Export/Cocktail_07.fbx using Guid(5247d520ce155fc4cbfce13d9694809e) Importer(815301076,1909f56bfc062723c751e8b465ee728b)  -> (artifact id: 'c5c26b2f1c522386b5e9c88db3d3dd59') in 0.012416 seconds
Number of updated asset objects reloaded before import = 0
Number of asset objects unloaded after import = 8
========================================================================
Received Import Request.
  Time since last request: 0.001067 seconds.
  path: Assets/CartoonSummerBeach/Export/Bamboo_Stool_01.fbx
  artifactKey: Guid(63bcb9f4aeec2c546879f0f7b90b6750) Importer(815301076,1909f56bfc062723c751e8b465ee728b)
Start importing Assets/CartoonSummerBeach/Export/Bamboo_Stool_01.fbx using Guid(63bcb9f4aeec2c546879f0f7b90b6750) Importer(815301076,1909f56bfc062723c751e8b465ee728b)  -> (artifact id: 'ddeb98e727770e0df44c709e4621dda8') in 0.014348 seconds
Number of updated asset objects reloaded before import = 0
Number of asset objects unloaded after import = 8
========================================================================
Received Import Request.
  Time since last request: 0.000026 seconds.
  path: Assets/CartoonSummerBeach/Export/Ball_06.fbx
  artifactKey: Guid(d66c699dc9c3d494382620c5d8901470) Importer(815301076,1909f56bfc062723c751e8b465ee728b)
Start importing Assets/CartoonSummerBeach/Export/Ball_06.fbx using Guid(d66c699dc9c3d494382620c5d8901470) Importer(815301076,1909f56bfc062723c751e8b465ee728b)  -> (artifact id: 'fb628b207780204d8fcb22a5132c1cbd') in 0.025462 seconds
Number of updated asset objects reloaded before import = 0
Number of asset objects unloaded after import = 8
========================================================================
Received Import Request.
  Time since last request: 0.000023 seconds.
  path: Assets/CartoonSummerBeach/Export/Hut_01.fbx
  artifactKey: Guid(3c2649d21e55d0d46826010418486fb3) Importer(815301076,1909f56bfc062723c751e8b465ee728b)
Start importing Assets/CartoonSummerBeach/Export/Hut_01.fbx using Guid(3c2649d21e55d0d46826010418486fb3) Importer(815301076,1909f56bfc062723c751e8b465ee728b)  -> (artifact id: '38c3fb6ec0182b252de8694498b1233c') in 0.012164 seconds
Number of updated asset objects reloaded before import = 0
Number of asset objects unloaded after import = 8
========================================================================
Received Import Request.
  Time since last request: 0.000023 seconds.
  path: Assets/CartoonSummerBeach/Export/FlowerPot_03.fbx
  artifactKey: Guid(fc994cfcaa6a8644fb64cabe41ac31bd) Importer(815301076,1909f56bfc062723c751e8b465ee728b)
Start importing Assets/CartoonSummerBeach/Export/FlowerPot_03.fbx using Guid(fc994cfcaa6a8644fb64cabe41ac31bd) Importer(815301076,1909f56bfc062723c751e8b465ee728b)  -> (artifact id: '5f4b76aee19fbaaad440cd5498d1c354') in 0.012521 seconds
Number of updated asset objects reloaded before import = 0
Number of asset objects unloaded after import = 8
========================================================================
Received Import Request.
  Time since last request: 0.000015 seconds.
  path: Assets/CartoonSummerBeach/Export/Boat_02.fbx
  artifactKey: Guid(b455ff3d5e1d2124dacc66b08f7fa744) Importer(815301076,1909f56bfc062723c751e8b465ee728b)
Start importing Assets/CartoonSummerBeach/Export/Boat_02.fbx using Guid(b455ff3d5e1d2124dacc66b08f7fa744) Importer(815301076,1909f56bfc062723c751e8b465ee728b)  -> (artifact id: '84a01cf4383da098929cda0745db52d0') in 0.012384 seconds
Number of updated asset objects reloaded before import = 0
Number of asset objects unloaded after import = 8
========================================================================
Received Import Request.
  Time since last request: 0.000031 seconds.
  path: Assets/CartoonSummerBeach/Export/Bamboo_BeachUmbrella_01.fbx
  artifactKey: Guid(3c2d6a145485c4649a368070138ca053) Importer(815301076,1909f56bfc062723c751e8b465ee728b)
Start importing Assets/CartoonSummerBeach/Export/Bamboo_BeachUmbrella_01.fbx using Guid(3c2d6a145485c4649a368070138ca053) Importer(815301076,1909f56bfc062723c751e8b465ee728b)  -> (artifact id: 'fd72d2e6bc86f6747779ec3bc613f6cf') in 0.013411 seconds
Number of updated asset objects reloaded before import = 0
Number of asset objects unloaded after import = 8
========================================================================
Received Import Request.
  Time since last request: 0.000034 seconds.
  path: Assets/CartoonSummerBeach/Export/Fence_03.fbx
  artifactKey: Guid(34b6261eb7bc92c43afb58de3677be4b) Importer(815301076,1909f56bfc062723c751e8b465ee728b)
Start importing Assets/CartoonSummerBeach/Export/Fence_03.fbx using Guid(34b6261eb7bc92c43afb58de3677be4b) Importer(815301076,1909f56bfc062723c751e8b465ee728b)  -> (artifact id: '78ad3c983c17a811ce9e3ef5ee25f967') in 0.013493 seconds
Number of updated asset objects reloaded before import = 0
Number of asset objects unloaded after import = 8
========================================================================
Received Import Request.
  Time since last request: 0.000028 seconds.
  path: Assets/CartoonSummerBeach/Export/Bottle_02.fbx
  artifactKey: Guid(0bb571a8945f9ea44b8dd0836d5d724a) Importer(815301076,1909f56bfc062723c751e8b465ee728b)
Start importing Assets/CartoonSummerBeach/Export/Bottle_02.fbx using Guid(0bb571a8945f9ea44b8dd0836d5d724a) Importer(815301076,1909f56bfc062723c751e8b465ee728b)  -> (artifact id: '7ab635d07c7fa68ce0c9e5080a369f94') in 0.014693 seconds
Number of updated asset objects reloaded before import = 0
Number of asset objects unloaded after import = 8
========================================================================
Received Import Request.
  Time since last request: 0.000022 seconds.
  path: Assets/CartoonSummerBeach/Export/Fence_01.fbx
  artifactKey: Guid(b50f9f90294676445922b9de47d9f835) Importer(815301076,1909f56bfc062723c751e8b465ee728b)
Start importing Assets/CartoonSummerBeach/Export/Fence_01.fbx using Guid(b50f9f90294676445922b9de47d9f835) Importer(815301076,1909f56bfc062723c751e8b465ee728b)  -> (artifact id: 'a3478c97831d1b974f396197009fad9a') in 0.015613 seconds
Number of updated asset objects reloaded before import = 0
Number of asset objects unloaded after import = 8
========================================================================
Received Import Request.
  Time since last request: 0.000033 seconds.
  path: Assets/CartoonSummerBeach/Export/Bamboo_ArmChair_02.fbx
  artifactKey: Guid(45098e53654290440a265d3787c165cf) Importer(815301076,1909f56bfc062723c751e8b465ee728b)
Start importing Assets/CartoonSummerBeach/Export/Bamboo_ArmChair_02.fbx using Guid(45098e53654290440a265d3787c165cf) Importer(815301076,1909f56bfc062723c751e8b465ee728b)  -> (artifact id: '0e6d5f9084f714fafcab96189ec8af72') in 0.018532 seconds
Number of updated asset objects reloaded before import = 0
Number of asset objects unloaded after import = 8
Editor requested this worker to shutdown with reason: Scaling down because of idle timeout
TcpMessagingSession - receive error: operation aborted. errorcode: 995, details: Operacja We/Wy zosta³a przerwana z powodu zakoñczenia w¹tku lub ¿¹dania aplikacji.
AssetImportWorker is now disconnected from the server
Process exiting
Exiting without the bug reporter. Application will terminate with return code 0